<?xml version="1.0" encoding="UTF-8"?>
<robot generator="Robot 3.1.2 (Python 3.6.6 on win32)" generated="20200513 16:13:50.440" rpa="false">
<suite id="s1" name="MVIAutomationTestCases" source="C:\Users\marthand\git\MviAutomationTestCases\MVIAutomationTestCases">
<suite id="s1-s1" name="Nokia TestCase" source="C:\Users\marthand\git\MviAutomationTestCases\MVIAutomationTestCases\Nokia_TestCase">
<suite id="s1-s1-s1" name="FMAlarmClear TC9" source="C:\Users\marthand\git\MviAutomationTestCases\MVIAutomationTestCases\Nokia_TestCase\FMAlarmClear_TC9.robot">
<kw name="Open SSH Connection And Login To Server" library="fmresources" type="setup">
<kw name="Open Connection" library="SSHLibrary">
<doc>Opens a new SSH connection to the given ``host`` and ``port``.</doc>
<arguments>
<arg>${HOST}</arg>
</arguments>
<status status="PASS" starttime="20200513 16:13:55.014" endtime="20200513 16:13:55.015"></status>
</kw>
<kw name="Login" library="SSHLibrary">
<doc>Logs into the SSH server with the given ``username`` and ``password``.</doc>
<arguments>
<arg>${USERNAME}</arg>
<arg>${PASSWORD}</arg>
</arguments>
<msg timestamp="20200513 16:13:55.017" level="INFO">Logging into '10.32.237.58:22' as 'naresh'.</msg>
<msg timestamp="20200513 16:13:59.910" level="INFO">Read output: Last login: Wed May 13 13:01:30 2020 from 10.144.184.226
[naresh@clab689node14 ~]$</msg>
<status status="PASS" starttime="20200513 16:13:55.016" endtime="20200513 16:13:59.911"></status>
</kw>
<status status="PASS" starttime="20200513 16:13:54.999" endtime="20200513 16:13:59.912"></status>
</kw>
<test id="s1-s1-s1-t1" name="FMAlarmClear_TC8">
<kw name="Write" library="SSHLibrary">
<doc>Writes the given ``text`` on the remote machine and appends a newline.</doc>
<arguments>
<arg>sudo su</arg>
</arguments>
<msg timestamp="20200513 16:14:00.195" level="INFO">sudo su</msg>
<status status="PASS" starttime="20200513 16:13:59.915" endtime="20200513 16:14:00.196"></status>
</kw>
<kw name="Read" library="SSHLibrary">
<doc>Consumes and returns everything available on the server output.</doc>
<arguments>
<arg>delay=2s</arg>
</arguments>
<msg timestamp="20200513 16:14:04.198" level="INFO">[root@clab689node14 naresh]#</msg>
<status status="PASS" starttime="20200513 16:14:00.197" endtime="20200513 16:14:04.198"></status>
</kw>
<kw name="Write" library="SSHLibrary">
<doc>Writes the given ``text`` on the remote machine and appends a newline.</doc>
<arguments>
<arg>ssh ${simulatorip.simulator_ip}</arg>
</arguments>
<msg timestamp="20200513 16:14:04.483" level="INFO">ssh 10.32.237.55</msg>
<status status="PASS" starttime="20200513 16:14:04.200" endtime="20200513 16:14:04.484"></status>
</kw>
<kw name="Read" library="SSHLibrary">
<doc>Consumes and returns everything available on the server output.</doc>
<arguments>
<arg>delay=1s</arg>
</arguments>
<msg timestamp="20200513 16:14:07.491" level="INFO">You are about to access a private system. This system is for use of
authorized users only. All connections are logged. Any unauthorized
access or access attempts are punishable to the fullest extent of 
local legislation.

Last login: Wed May 13 13:01:35 2020 from clab689node14.netact.nsn-rdnet.net
[root@clab689node11 ~]#</msg>
<status status="PASS" starttime="20200513 16:14:04.485" endtime="20200513 16:14:07.492"></status>
</kw>
<kw name="Write" library="SSHLibrary">
<doc>Writes the given ``text`` on the remote machine and appends a newline.</doc>
<arguments>
<arg>cd /home/omc/mdk-snmp-simulator</arg>
</arguments>
<msg timestamp="20200513 16:14:07.827" level="INFO">cd /home/omc/mdk-snmp-simulator</msg>
<status status="PASS" starttime="20200513 16:14:07.493" endtime="20200513 16:14:07.828"></status>
</kw>
<kw name="Write" library="SSHLibrary">
<doc>Writes the given ``text`` on the remote machine and appends a newline.</doc>
<arguments>
<arg>cat PCF_Clear.xml</arg>
</arguments>
<msg timestamp="20200513 16:14:08.113" level="INFO">[root@clab689node11 mdk-snmp-simulator]# cat PCF_Clear.xml</msg>
<status status="PASS" starttime="20200513 16:14:07.830" endtime="20200513 16:14:08.114"></status>
</kw>
<kw name="Read" library="SSHLibrary">
<doc>Consumes and returns everything available on the server output.</doc>
<arguments>
<arg>delay=2s</arg>
</arguments>
<assign>
<var>${inputfile}</var>
</assign>
<msg timestamp="20200513 16:14:12.117" level="INFO">&lt;snmpTraps&gt;
&lt;snmpTrap trapOid="1.3.6.1.4.1.323.5.3.36.1.2.1"&gt;
&lt;varBind oid="1.3.6.1.4.1.323.5.3.36.1.2.1.3" value="Status: OK pcrfAlertName: Testing  pcrfAlertSeverity: major  pcrfAlertTimestamp: 12345  pcrfPodName: pcrf-core  pcrfAlertInfo: Rate of CCA-T Receive Failure  has exceeded threshold limit(1000 times) in 1 min  pcrfAlertText: Alarm RoutingMsgMajor NS:cnpcrf-staging, PODNAME:pcrf-core" type="OctetString" /&gt;
&lt;/snmpTrap&gt;
&lt;snmpTrap trapOid="1.3.6.1.4.1.323.5.3.36.1.2.2"&gt;
&lt;varBind oid="1.3.6.1.4.1.323.5.3.36.1.2.2.3" value="Status: OK pcrfAlertName: Testingas  pcrfAlertSeverity: major  pcrfAlertTimestamp: 12345  pcrfPodName: pcrf-core  pcrfAlertInfo: Rate of CCA-T Receive Failure  has exceeded threshold limit(1000 times) in 1 min  pcrfAlertText: Alarm RoutingMsgMajor NS:cnpcrf-staging, PODNAME:pcrf-core" type="OctetString" /&gt;
&lt;/snmpTrap&gt;
&lt;snmpTrap trapOid="1.3.6.1.4.1.323.5.3.36.1.2.3"&gt;
&lt;varBind oid="1.3.6.1.4.1.323.5.3.36.1.2.3.3" value="Status: OK pcrfAlertName: Tester  pcrfAlertSeverity: major  pcrfAlertTimestamp: 12345  pcrfPodName: pcrf-core  pcrfAlertInfo: Rate of CCA-T Receive Failure  has exceeded threshold limit(1000 times) in 1 min  pcrfAlertText: Alarm RoutingMsgMajor NS:cnpcrf-staging, PODNAME:pcrf-core" type="OctetString" /&gt;
&lt;/snmpTrap&gt;
&lt;snmpTrap trapOid="1.3.6.1.4.1.323.5.3.36.1.2.4"&gt;
&lt;varBind oid="1.3.6.1.4.1.323.5.3.36.1.2.4.3" value="Status: OK pcrfAlertName: sample  pcrfAlertSeverity: major  pcrfAlertTimestamp: 12345  pcrfPodName: pcrf-core  pcrfAlertInfo: Rate of CCA-T Receive Failure  has exceeded threshold limit(1000 times) in 1 min  pcrfAlertText: Alarm RoutingMsgMajor NS:cnpcrf-staging, PODNAME:pcrf-core" type="OctetString" /&gt;
&lt;/snmpTrap&gt;
&lt;snmpTrap trapOid="1.3.6.1.4.1.323.5.3.36.1.2.5"&gt;
&lt;varBind oid="1.3.6.1.4.1.323.5.3.36.1.2.5.3" value="Status: OK pcrfAlertName: test  pcrfAlertSeverity: major  pcrfAlertTimestamp: 12345  pcrfPodName: pcrf-core  pcrfAlertInfo: Rate of CCA-T Receive Failure  has exceeded threshold limit(1000 times) in 1 min  pcrfAlertText: Alarm RoutingMsgMajor NS:cnpcrf-staging, PODNAME:pcrf-core" type="OctetString" /&gt;
&lt;/snmpTrap&gt;
&lt;snmpTrap trapOid="1.3.6.1.4.1.323.5.3.36.1.2.6"&gt;
&lt;varBind oid="1.3.6.1.4.1.323.5.3.36.1.2.6.3" value="Status: OK pcrfAlertName: verify  pcrfAlertSeverity: major  pcrfAlertTimestamp: 12345  pcrfPodName: pcrf-core  pcrfAlertInfo: Rate of CCA-T Receive Failure  has exceeded threshold limit(1000 times) in 1 min  pcrfAlertText: Alarm RoutingMsgMajor NS:cnpcrf-staging, PODNAME:pcrf-core" type="OctetString" /&gt;
&lt;/snmpTrap&gt;
&lt;/snmpTraps&gt;

[root@clab689node11 mdk-snmp-simulator]#</msg>
<msg timestamp="20200513 16:14:12.119" level="INFO">${inputfile} = &lt;snmpTraps&gt;
&lt;snmpTrap trapOid="1.3.6.1.4.1.323.5.3.36.1.2.1"&gt;
&lt;varBind oid="1.3.6.1.4.1.323.5.3.36.1.2.1.3" value="Status: OK pcrfAlertName: Testing  pcrfAlertSeverity: major  pcrfAlertTimestamp: 12...</msg>
<status status="PASS" starttime="20200513 16:14:08.115" endtime="20200513 16:14:12.120"></status>
</kw>
<kw name="Write" library="SSHLibrary">
<doc>Writes the given ``text`` on the remote machine and appends a newline.</doc>
<arguments>
<arg>java -Djava.endorsed.dirs=. com.nsn.snmp.trap.TrapSimulator ${simulatorip.simulator_ip} 10.32.237.56 162 /home/omc/mdk-snmp-simulator/PCF_Clear.xml</arg>
</arguments>
<msg timestamp="20200513 16:14:12.396" level="INFO">java -Djava.endorsed.dirs=. com.nsn.snm p.trap.TrapSimulator 10.32.237.55 10.32.237.56 162 /home/omc/mdk-snmp-simulator/ PCF_Clear.xml</msg>
<status status="PASS" starttime="20200513 16:14:12.122" endtime="20200513 16:14:12.396"></status>
</kw>
<kw name="Read" library="SSHLibrary">
<doc>Consumes and returns everything available on the server output.</doc>
<arguments>
<arg>delay=1s</arg>
</arguments>
<status status="PASS" starttime="20200513 16:14:12.397" endtime="20200513 16:14:13.400"></status>
</kw>
<kw name="Write" library="SSHLibrary">
<doc>Writes the given ``text`` on the remote machine and appends a newline.</doc>
<arguments>
<arg>ssh clab689node12</arg>
</arguments>
<msg timestamp="20200513 16:14:13.668" level="INFO">[root@clab689node11 mdk-snmp-simulator]# ssh clab689node12</msg>
<status status="PASS" starttime="20200513 16:14:13.401" endtime="20200513 16:14:13.668"></status>
</kw>
<kw name="Write" library="SSHLibrary">
<doc>Writes the given ``text`` on the remote machine and appends a newline.</doc>
<arguments>
<arg>grep -inr 'pcf' | grep -inr 'Matching alarms size 1' /var/opt/oss/log/nokianetworks-isdk-snmpfm/isdk_snmpfm_debug.log*</arg>
</arguments>
<msg timestamp="20200513 16:14:13.941" level="INFO">You are about to access a private system. This system is for use of</msg>
<status status="PASS" starttime="20200513 16:14:13.669" endtime="20200513 16:14:13.942"></status>
</kw>
<kw name="Read" library="SSHLibrary">
<doc>Consumes and returns everything available on the server output.</doc>
<arguments>
<arg>delay=10s</arg>
</arguments>
<assign>
<var>${output_common}</var>
</assign>
<msg timestamp="20200513 16:14:23.945" level="INFO">authorized users only. All connections are logged. Any unauthorized
access or access attempts are punishable to the fullest extent of 
local legislation.

grep -inr 'pcf' | grep -inr 'Matching alarms size 1' /var/opt/oss/log/nokianetworks-isdk-snmpfm/isdk_snmpfm_debug.log*
grep -inr 'pcf' | grep -inr 'Matching alarms size 1' /var/opt/oss/log/nokianetworks-isdk-snmpfm/isdk_snmpfm_debug.log*
Last login: Wed May 13 13:30:35 2020 from 10.143.116.178
[root@clab689node12 ~]# grep -inr 'pcf' | grep -inr 'Matching alarms size 1' /va r/opt/oss/log/nokianetworks-isdk-snmpfm/isdk_snmpfm_debug.log*
[35m[K/var/opt/oss/log/nokianetworks-isdk-snmpfm/isdk_snmpfm_debug.log[m[K[36m[K:[m[K[32m[K12552[m[K[36m[K:[m[K2020-05-13-T12:59:29.629+0300 |  |  | com.nsn.oss.mdk.fm.converter.snmp.SNMPToOFaSConverter-3 | DEBUG | com.nsn.oss.mdk.fm.converter.snmp.SNMPTrapToOFaSParser | Agent:Agent ID: PLMN-PLMN/PCF-1, DN: PLMN-PLMN/PCF-1, Adaptation ID: com.nokia.pcf, Adaptation Release: 9.12.5 [01;31m[KMatching alarms size 1[m[K
[35m[K/var/opt/oss/log/nokianetworks-isdk-snmpfm/isdk_snmpfm_debug.log[m[K[36m[K:[m[K[32m[K12554[m[K[36m[K:[m[K2020-05-13-T12:59:29.632+0300 |  |  | com.nsn.oss.mdk.fm.converter.snmp.SNMPToOFaSConverter-6 | DEBUG | com.nsn.oss.mdk.fm.converter.snmp.SNMPTrapToOFaSParser | Agent:Agent ID: PLMN-PLMN/PCF-1, DN: PLMN-PLMN/PCF-1, Adaptation ID: com.nokia.pcf, Adaptation Release: 9.12.5 [01;31m[KMatching alarms size 1[m[K
[35m[K/var/opt/oss/log/nokianetworks-isdk-snmpfm/isdk_snmpfm_debug.log[m[K[36m[K:[m[K[32m[K12556[m[K[36m[K:[m[K2020-05-13-T12:59:29.635+0300 |  |  | com.nsn.oss.mdk.fm.converter.snmp.SNMPToOFaSConverter-2 | DEBUG | com.nsn.oss.mdk.fm.converter.snmp.SNMPTrapToOFaSParser | Agent:Agent ID: PLMN-PLMN/PCF-1, DN: PLMN-PLMN/PCF-1, Adaptation ID: com.nokia.pcf, Adaptation Release: 9.12.5 [01;31m[KMatching alarms size 1[m[K
[35m[K/var/opt/oss/log/nokianetworks-isdk-snmpfm/isdk_snmpfm_debug.log[m[K[36m[K:[m[K[32m[K12558[m[K[36m[K:[m[K2020-05-13-T12:59:29.640+0300 |  |  | com.nsn.oss.mdk.fm.converter.snmp.SNMPToOFaSConverter-5 | DEBUG | com.nsn.oss.mdk.fm.converter.snmp.SNMPTrapToOFaSParser | Agent:Agent ID: PLMN-PLMN/PCF-1, DN: PLMN-PLMN/PCF-1, Adaptation ID: com.nokia.pcf, Adaptation Release: 9.12.5 [01;31m[KMatching alarms size 1[m[K
[35m[K/var/opt/oss/log/nokianetworks-isdk-snmpfm/isdk_snmpfm_debug.log[m[K[36m[K:[m[K[32m[K12560[m[K[36m[K:[m[K2020-05-13-T12:59:29.640+0300 |  |  | com.nsn.oss.mdk.fm.converter.snmp.SNMPToOFaSConverter-4 | DEBUG | com.nsn.oss.mdk.fm.converter.snmp.SNMPTrapToOFaSParser | Agent:Agent ID: PLMN-PLMN/PCF-1, DN: PLMN-PLMN/PCF-1, Adaptation ID: com.nokia.pcf, Adaptation Release: 9.12.5 [01;31m[KMatching alarms size 1[m[K
[35m[K/var/opt/oss/log/nokianetworks-isdk-snmpfm/isdk_snmpfm_debug.log[m[K[36m[K:[m[K[32m[K12562[m[K[36m[K:[m[K2020-05-13-T12:59:29.640+0300 |  |  | com.nsn.oss.mdk.fm.converter.snmp.SNMPToOFaSConverter-1 | DEBUG | com.nsn.oss.mdk.fm.converter.snmp.SNMPTrapToOFaSParser | Agent:Agent ID: PLMN-PLMN/PCF-1, DN: PLMN-PLMN/PCF-1, Adaptation ID: com.nokia.pcf, Adaptation Release: 9.12.5 [01;31m[KMatching alarms size 1[m[K
[35m[K/var/opt/oss/log/nokianetworks-isdk-snmpfm/isdk_snmpfm_debug.log[m[K[36m[K:[m[K[32m[K13330[m[K[36m[K:[m[K2020-05-13-T13:01:42.245+0300 |  |  | com.nsn.oss.mdk.fm.converter.snmp.SNMPToOFaSConverter-7 | DEBUG | com.nsn.oss.mdk.fm.converter.snmp.SNMPTrapToOFaSParser | Agent:Agent ID: PLMN-PLMN/PCF-1, DN: PLMN-PLMN/PCF-1, Adaptation ID: com.nokia.pcf, Adaptation Release: 9.12.5 [01;31m[KMatching alarms size 1[m[K
[35m[K/var/opt/oss/log/nokianetworks-isdk-snmpfm/isdk_snmpfm_debug.log[m[K[36m[K:[m[K[32m[K13375[m[K[36m[K:[m[K2020-05-13-T13:01:42.352+0300 |  |  | com.nsn.oss.mdk.fm.converter.snmp.SNMPToOFaSConverter-8 | DEBUG | com.nsn.oss.mdk.fm.converter.snmp.SNMPTrapToOFaSParser | Agent:Agent ID: PLMN-PLMN/PCF-1, DN: PLMN-PLMN/PCF-1, Adaptation ID: com.nokia.pcf, Adaptation Release: 9.12.5 [01;31m[KMatching alarms size 1[m[K
[35m[K/var/opt/oss/log/nokianetworks-isdk-snmpfm/isdk_snmpfm_debug.log[m[K[36m[K:[m[K[32m[K13490[m[K[36m[K:[m[K2020-05-13-T13:01:42.471+0300 |  |  | com.nsn.oss.mdk.fm.converter.snmp.SNMPToOFaSConverter-9 | DEBUG | com.nsn.oss.mdk.fm.converter.snmp.SNMPTrapToOFaSParser | Agent:Agent ID: PLMN-PLMN/PCF-1, DN: PLMN-PLMN/PCF-1, Adaptation ID: com.nokia.pcf, Adaptation Release: 9.12.5 [01;31m[KMatching alarms size 1[m[K
[35m[K/var/opt/oss/log/nokianetworks-isdk-snmpfm/isdk_snmpfm_debug.log[m[K[36m[K:[m[K[32m[K13710[m[K[36m[K:[m[K2020-05-13-T13:01:42.765+0300 |  |  | com.nsn.oss.mdk.fm.converter.snmp.SNMPToOFaSConverter-11 | DEBUG | com.nsn.oss.mdk.fm.converter.snmp.SNMPTrapToOFaSParser | Agent:Agent ID: PLMN-PLMN/PCF-1, DN: PLMN-PLMN/PCF-1, Adaptation ID: com.nokia.pcf, Adaptation Release: 9.12.5 [01;31m[KMatching alarms size 1[m[K
[35m[K/var/opt/oss/log/nokianetworks-isdk-snmpfm/isdk_snmpfm_debug.log[m[K[36m[K:[m[K[32m[K13724[m[K[36m[K:[m[K2020-05-13-T13:01:42.792+0300 |  |  | com.nsn.oss.mdk.fm.converter.snmp.SNMPToOFaSConverter-10 | DEBUG | com.nsn.oss.mdk.fm.converter.snmp.SNMPTrapToOFaSParser | Agent:Agent ID: PLMN-PLMN/PCF-1, DN: PLMN-PLMN/PCF-1, Adaptation ID: com.nokia.pcf, Adaptation Release: 9.12.5 [01;31m[KMatching alarms size 1[m[K
[35m[K/var/opt/oss/log/nokianetworks-isdk-snmpfm/isdk_snmpfm_debug.log[m[K[36m[K:[m[K[32m[K13772[m[K[36m[K:[m[K2020-05-13-T13:01:42.866+0300 |  |  | com.nsn.oss.mdk.fm.converter.snmp.SNMPToOFaSConverter-12 | DEBUG | com.nsn.oss.mdk.fm.converter.snmp.SNMPTrapToOFaSParser | Agent:Agent ID: PLMN-PLMN/PCF-1, DN: PLMN-PLMN/PCF-1, Adaptation ID: com.nokia.pcf, Adaptation Release: 9.12.5 [01;31m[KMatching alarms size 1[m[K
[35m[K/var/opt/oss/log/nokianetworks-isdk-snmpfm/isdk_snmpfm_debug.log[m[K[36m[K:[m[K[32m[K46241[m[K[36m[K:[m[K2020-05-13-T13:45:14.952+0300 |  |  | com.nsn.oss.mdk.fm.converter.snmp.SNMPToOFaSConverter-13 | DEBUG | com.nsn.oss.mdk.fm.converter.snmp.SNMPTrapToOFaSParser | Agent:Agent ID: PLMN-PLMN/PCF-1, DN: PLMN-PLMN/PCF-1, Adaptation ID: com.nokia.pcf, Adaptation Release: 9.12.5 [01;31m[KMatching alarms size 1[m[K
[35m[K/var/opt/oss/log/nokianetworks-isdk-snmpfm/isdk_snmpfm_debug.log[m[K[36m[K:[m[K[32m[K46279[m[K[36m[K:[m[K2020-05-13-T13:45:15.050+0300 |  |  | com.nsn.oss.mdk.fm.converter.snmp.SNMPToOFaSConverter-14 | DEBUG | com.nsn.oss.mdk.fm.converter.snmp.SNMPTrapToOFaSParser | Agent:Agent ID: PLMN-PLMN/PCF-1, DN: PLMN-PLMN/PCF-1, Adaptation ID: com.nokia.pcf, Adaptation Release: 9.12.5 [01;31m[KMatching alarms size 1[m[K
[35m[K/var/opt/oss/log/nokianetworks-isdk-snmpfm/isdk_snmpfm_debug.log[m[K[36m[K:[m[K[32m[K46317[m[K[36m[K:[m[K2020-05-13-T13:45:15.134+0300 |  |  | com.nsn.oss.mdk.fm.converter.snmp.SNMPToOFaSConverter-15 | DEBUG | com.nsn.oss.mdk.fm.converter.snmp.SNMPTrapToOFaSParser | Agent:Agent ID: PLMN-PLMN/PCF-1, DN: PLMN-PLMN/PCF-1, Adaptation ID: com.nokia.pcf, Adaptation Release: 9.12.5 [01;31m[KMatching alarms size 1[m[K
[35m[K/var/opt/oss/log/nokianetworks-isdk-snmpfm/isdk_snmpfm_debug.log[m[K[36m[K:[m[K[32m[K46355[m[K[36m[K:[m[K2020-05-13-T13:45:15.299+0300 |  |  | com.nsn.oss.mdk.fm.converter.snmp.SNMPToOFaSConverter-16 | DEBUG | com.nsn.oss.mdk.fm.converter.snmp.SNMPTrapToOFaSParser | Agent:Agent ID: PLMN-PLMN/PCF-1, DN: PLMN-PLMN/PCF-1, Adaptation ID: com.nokia.pcf, Adaptation Release: 9.12.5 [01;31m[KMatching alarms size 1[m[K
[35m[K/var/opt/oss/log/nokianetworks-isdk-snmpfm/isdk_snmpfm_debug.log[m[K[36m[K:[m[K[32m[K46407[m[K[36m[K:[m[K2020-05-13-T13:45:15.391+0300 |  |  | com.nsn.oss.mdk.fm.converter.snmp.SNMPToOFaSConverter-17 | DEBUG | com.nsn.oss.mdk.fm.converter.snmp.SNMPTrapToOFaSParser | Agent:Agent ID: PLMN-PLMN/PCF-1, DN: PLMN-PLMN/PCF-1, Adaptation ID: com.nokia.pcf, Adaptation Release: 9.12.5 [01;31m[KMatching alarms size 1[m[K
[35m[K/var/opt/oss/log/nokianetworks-isdk-snmpfm/isdk_snmpfm_debug.log[m[K[36m[K:[m[K[32m[K46615[m[K[36m[K:[m[K2020-05-13-T13:45:15.458+0300 |  |  | com.nsn.oss.mdk.fm.converter.snmp.SNMPToOFaSConverter-18 | DEBUG | com.nsn.oss.mdk.fm.converter.snmp.SNMPTrapToOFaSParser | Agent:Agent ID: PLMN-PLMN/PCF-1, DN: PLMN-PLMN/PCF-1, Adaptation ID: com.nokia.pcf, Adaptation Release: 9.12.5 [01;31m[KMatching alarms size 1[m[K
[root@clab689node12 ~]#</msg>
<msg timestamp="20200513 16:14:23.952" level="INFO">${output_common} = authorized users only. All connections are logged. Any unauthorized
access or access attempts are punishable to the fullest extent of 
local legislation.

grep -inr 'pcf' | grep -inr 'Matching ala...</msg>
<status status="PASS" starttime="20200513 16:14:13.943" endtime="20200513 16:14:23.953"></status>
</kw>
<kw name="Get Current Date" library="DateTime">
<doc>Returns current local or UTC time with an optional increment.</doc>
<arguments>
<arg>UTC</arg>
</arguments>
<assign>
<var>${utc_date}</var>
</assign>
<msg timestamp="20200513 16:14:23.958" level="INFO">${utc_date} = 2020-05-13 10:44:23.957</msg>
<status status="PASS" starttime="20200513 16:14:23.954" endtime="20200513 16:14:23.958"></status>
</kw>
<kw name="Add Time To Date" library="DateTime">
<doc>Adds time to date and returns the resulting date.</doc>
<arguments>
<arg>${utc_date}</arg>
<arg>03:00:00</arg>
</arguments>
<assign>
<var>${server_date}</var>
</assign>
<msg timestamp="20200513 16:14:23.993" level="INFO">${server_date} = 2020-05-13 13:44:23.957</msg>
<status status="PASS" starttime="20200513 16:14:23.960" endtime="20200513 16:14:23.994"></status>
</kw>
<kw name="Convert Date" library="DateTime">
<doc>Converts between supported `date formats`.</doc>
<arguments>
<arg>${server_date}</arg>
<arg>result_format=%Y-%m-%d-T%H</arg>
</arguments>
<assign>
<var>${custom_date}</var>
</assign>
<msg timestamp="20200513 16:14:23.996" level="INFO">${custom_date} = 2020-05-13-T13</msg>
<status status="PASS" starttime="20200513 16:14:23.995" endtime="20200513 16:14:23.996"></status>
</kw>
<kw name="Convert Date" library="DateTime">
<doc>Converts between supported `date formats`.</doc>
<arguments>
<arg>${server_date}</arg>
<arg>result_format=%d.%m.%Y</arg>
</arguments>
<assign>
<var>${db_date_format}</var>
</assign>
<msg timestamp="20200513 16:14:23.998" level="INFO">${db_date_format} = 13.05.2020</msg>
<status status="PASS" starttime="20200513 16:14:23.997" endtime="20200513 16:14:23.999"></status>
</kw>
<kw name="Convert Date" library="DateTime">
<doc>Converts between supported `date formats`.</doc>
<arguments>
<arg>${server_date}</arg>
<arg>result_format=%M</arg>
</arguments>
<assign>
<var>${minutes_from_date}</var>
</assign>
<msg timestamp="20200513 16:14:24.001" level="INFO">${minutes_from_date} = 44</msg>
<status status="PASS" starttime="20200513 16:14:24.000" endtime="20200513 16:14:24.002"></status>
</kw>
<kw name="Convert To Integer" library="BuiltIn">
<doc>Converts the given item to an integer number.</doc>
<arguments>
<arg>${minutes_from_date}</arg>
</arguments>
<assign>
<var>${minutes_in_int}</var>
</assign>
<msg timestamp="20200513 16:14:24.004" level="INFO">${minutes_in_int} = 44</msg>
<status status="PASS" starttime="20200513 16:14:24.002" endtime="20200513 16:14:24.004"></status>
</kw>
<kw name="Split To Lines" library="String">
<doc>Splits the given string to lines.</doc>
<arguments>
<arg>${output_common}</arg>
<arg>9</arg>
</arguments>
<assign>
<var>@{split_lines}</var>
</assign>
<msg timestamp="20200513 16:14:24.006" level="INFO">20 lines returned</msg>
<msg timestamp="20200513 16:14:24.008" level="INFO">@{split_lines} = [ r/opt/oss/log/nokianetworks-isdk-snmpfm/isdk_snmpfm_debug.log* | [35m[K/var/opt/oss/log/nokianetworks-isdk-snmpfm/isdk_snmpfm_debug.log[m[K[36m[K:[m[K[32m[K12552[m[K[36m[K:[m[K2020-0...</msg>
<status status="PASS" starttime="20200513 16:14:24.005" endtime="20200513 16:14:24.008"></status>
</kw>
<kw name="Create List" library="BuiltIn">
<doc>Returns a list containing given items.</doc>
<assign>
<var>@{result_list}</var>
</assign>
<msg timestamp="20200513 16:14:24.009" level="INFO">@{result_list} = [ ]</msg>
<status status="PASS" starttime="20200513 16:14:24.009" endtime="20200513 16:14:24.010"></status>
</kw>
<kw name="${i} IN [ @{split_lines} ]" type="for">
<kw name="${i} = r/opt/oss/log/nokianetworks-isdk-snmpfm/isdk_snmpfm_debug.log*" type="foritem">
<kw name="Get Regexp Matches" library="String">
<doc>Returns a list of all non-overlapping matches in the given string.</doc>
<arguments>
<arg>${i}</arg>
<arg>${custom_date}:([0-5]?[0-9])</arg>
</arguments>
<assign>
<var>${result}</var>
</assign>
<msg timestamp="20200513 16:14:24.015" level="INFO">${result} = []</msg>
<status status="PASS" starttime="20200513 16:14:24.013" endtime="20200513 16:14:24.018"></status>
</kw>
<kw name="Get Length" library="BuiltIn">
<doc>Returns and logs the length of the given item as an integer.</doc>
<arguments>
<arg>${result}</arg>
</arguments>
<assign>
<var>${length_str}</var>
</assign>
<msg timestamp="20200513 16:14:24.024" level="INFO">Length is 0</msg>
<msg timestamp="20200513 16:14:24.024" level="INFO">${length_str} = 0</msg>
<status status="PASS" starttime="20200513 16:14:24.022" endtime="20200513 16:14:24.024"></status>
</kw>
<kw name="Run Keyword If" library="BuiltIn">
<doc>Runs the given keyword with the given arguments, if ``condition`` is true.</doc>
<arguments>
<arg>${length_str}&gt;0</arg>
<arg>Append To List</arg>
<arg>${result_list}</arg>
<arg>${result}</arg>
</arguments>
<status status="PASS" starttime="20200513 16:14:24.024" endtime="20200513 16:14:24.025"></status>
</kw>
<status status="PASS" starttime="20200513 16:14:24.011" endtime="20200513 16:14:24.025"></status>
</kw>
<kw name="${i} = [35m[K/var/opt/oss/log/nokianetworks-isdk-snmpfm/isdk_snmpfm_debug.log[m[K[36m[K:[m[K[32m[K12552[m[K[36m[K:[m[K2020-05-13-T12:59:29.629+0300 |  |  | com.nsn.oss.mdk.fm.converter.snmp.S..." type="foritem">
<kw name="Get Regexp Matches" library="String">
<doc>Returns a list of all non-overlapping matches in the given string.</doc>
<arguments>
<arg>${i}</arg>
<arg>${custom_date}:([0-5]?[0-9])</arg>
</arguments>
<assign>
<var>${result}</var>
</assign>
<msg timestamp="20200513 16:14:24.029" level="INFO">${result} = []</msg>
<status status="PASS" starttime="20200513 16:14:24.026" endtime="20200513 16:14:24.029"></status>
</kw>
<kw name="Get Length" library="BuiltIn">
<doc>Returns and logs the length of the given item as an integer.</doc>
<arguments>
<arg>${result}</arg>
</arguments>
<assign>
<var>${length_str}</var>
</assign>
<msg timestamp="20200513 16:14:24.031" level="INFO">Length is 0</msg>
<msg timestamp="20200513 16:14:24.031" level="INFO">${length_str} = 0</msg>
<status status="PASS" starttime="20200513 16:14:24.030" endtime="20200513 16:14:24.032"></status>
</kw>
<kw name="Run Keyword If" library="BuiltIn">
<doc>Runs the given keyword with the given arguments, if ``condition`` is true.</doc>
<arguments>
<arg>${length_str}&gt;0</arg>
<arg>Append To List</arg>
<arg>${result_list}</arg>
<arg>${result}</arg>
</arguments>
<status status="PASS" starttime="20200513 16:14:24.032" endtime="20200513 16:14:24.033"></status>
</kw>
<status status="PASS" starttime="20200513 16:14:24.026" endtime="20200513 16:14:24.034"></status>
</kw>
<kw name="${i} = [35m[K/var/opt/oss/log/nokianetworks-isdk-snmpfm/isdk_snmpfm_debug.log[m[K[36m[K:[m[K[32m[K12554[m[K[36m[K:[m[K2020-05-13-T12:59:29.632+0300 |  |  | com.nsn.oss.mdk.fm.converter.snmp.S..." type="foritem">
<kw name="Get Regexp Matches" library="String">
<doc>Returns a list of all non-overlapping matches in the given string.</doc>
<arguments>
<arg>${i}</arg>
<arg>${custom_date}:([0-5]?[0-9])</arg>
</arguments>
<assign>
<var>${result}</var>
</assign>
<msg timestamp="20200513 16:14:24.037" level="INFO">${result} = []</msg>
<status status="PASS" starttime="20200513 16:14:24.036" endtime="20200513 16:14:24.037"></status>
</kw>
<kw name="Get Length" library="BuiltIn">
<doc>Returns and logs the length of the given item as an integer.</doc>
<arguments>
<arg>${result}</arg>
</arguments>
<assign>
<var>${length_str}</var>
</assign>
<msg timestamp="20200513 16:14:24.040" level="INFO">Length is 0</msg>
<msg timestamp="20200513 16:14:24.041" level="INFO">${length_str} = 0</msg>
<status status="PASS" starttime="20200513 16:14:24.038" endtime="20200513 16:14:24.041"></status>
</kw>
<kw name="Run Keyword If" library="BuiltIn">
<doc>Runs the given keyword with the given arguments, if ``condition`` is true.</doc>
<arguments>
<arg>${length_str}&gt;0</arg>
<arg>Append To List</arg>
<arg>${result_list}</arg>
<arg>${result}</arg>
</arguments>
<status status="PASS" starttime="20200513 16:14:24.042" endtime="20200513 16:14:24.042"></status>
</kw>
<status status="PASS" starttime="20200513 16:14:24.035" endtime="20200513 16:14:24.043"></status>
</kw>
<kw name="${i} = [35m[K/var/opt/oss/log/nokianetworks-isdk-snmpfm/isdk_snmpfm_debug.log[m[K[36m[K:[m[K[32m[K12556[m[K[36m[K:[m[K2020-05-13-T12:59:29.635+0300 |  |  | com.nsn.oss.mdk.fm.converter.snmp.S..." type="foritem">
<kw name="Get Regexp Matches" library="String">
<doc>Returns a list of all non-overlapping matches in the given string.</doc>
<arguments>
<arg>${i}</arg>
<arg>${custom_date}:([0-5]?[0-9])</arg>
</arguments>
<assign>
<var>${result}</var>
</assign>
<msg timestamp="20200513 16:14:24.045" level="INFO">${result} = []</msg>
<status status="PASS" starttime="20200513 16:14:24.044" endtime="20200513 16:14:24.045"></status>
</kw>
<kw name="Get Length" library="BuiltIn">
<doc>Returns and logs the length of the given item as an integer.</doc>
<arguments>
<arg>${result}</arg>
</arguments>
<assign>
<var>${length_str}</var>
</assign>
<msg timestamp="20200513 16:14:24.046" level="INFO">Length is 0</msg>
<msg timestamp="20200513 16:14:24.047" level="INFO">${length_str} = 0</msg>
<status status="PASS" starttime="20200513 16:14:24.046" endtime="20200513 16:14:24.047"></status>
</kw>
<kw name="Run Keyword If" library="BuiltIn">
<doc>Runs the given keyword with the given arguments, if ``condition`` is true.</doc>
<arguments>
<arg>${length_str}&gt;0</arg>
<arg>Append To List</arg>
<arg>${result_list}</arg>
<arg>${result}</arg>
</arguments>
<status status="PASS" starttime="20200513 16:14:24.047" endtime="20200513 16:14:24.048"></status>
</kw>
<status status="PASS" starttime="20200513 16:14:24.043" endtime="20200513 16:14:24.049"></status>
</kw>
<kw name="${i} = [35m[K/var/opt/oss/log/nokianetworks-isdk-snmpfm/isdk_snmpfm_debug.log[m[K[36m[K:[m[K[32m[K12558[m[K[36m[K:[m[K2020-05-13-T12:59:29.640+0300 |  |  | com.nsn.oss.mdk.fm.converter.snmp.S..." type="foritem">
<kw name="Get Regexp Matches" library="String">
<doc>Returns a list of all non-overlapping matches in the given string.</doc>
<arguments>
<arg>${i}</arg>
<arg>${custom_date}:([0-5]?[0-9])</arg>
</arguments>
<assign>
<var>${result}</var>
</assign>
<msg timestamp="20200513 16:14:24.051" level="INFO">${result} = []</msg>
<status status="PASS" starttime="20200513 16:14:24.050" endtime="20200513 16:14:24.051"></status>
</kw>
<kw name="Get Length" library="BuiltIn">
<doc>Returns and logs the length of the given item as an integer.</doc>
<arguments>
<arg>${result}</arg>
</arguments>
<assign>
<var>${length_str}</var>
</assign>
<msg timestamp="20200513 16:14:24.052" level="INFO">Length is 0</msg>
<msg timestamp="20200513 16:14:24.052" level="INFO">${length_str} = 0</msg>
<status status="PASS" starttime="20200513 16:14:24.052" endtime="20200513 16:14:24.053"></status>
</kw>
<kw name="Run Keyword If" library="BuiltIn">
<doc>Runs the given keyword with the given arguments, if ``condition`` is true.</doc>
<arguments>
<arg>${length_str}&gt;0</arg>
<arg>Append To List</arg>
<arg>${result_list}</arg>
<arg>${result}</arg>
</arguments>
<status status="PASS" starttime="20200513 16:14:24.053" endtime="20200513 16:14:24.054"></status>
</kw>
<status status="PASS" starttime="20200513 16:14:24.049" endtime="20200513 16:14:24.054"></status>
</kw>
<kw name="${i} = [35m[K/var/opt/oss/log/nokianetworks-isdk-snmpfm/isdk_snmpfm_debug.log[m[K[36m[K:[m[K[32m[K12560[m[K[36m[K:[m[K2020-05-13-T12:59:29.640+0300 |  |  | com.nsn.oss.mdk.fm.converter.snmp.S..." type="foritem">
<kw name="Get Regexp Matches" library="String">
<doc>Returns a list of all non-overlapping matches in the given string.</doc>
<arguments>
<arg>${i}</arg>
<arg>${custom_date}:([0-5]?[0-9])</arg>
</arguments>
<assign>
<var>${result}</var>
</assign>
<msg timestamp="20200513 16:14:24.057" level="INFO">${result} = []</msg>
<status status="PASS" starttime="20200513 16:14:24.056" endtime="20200513 16:14:24.058"></status>
</kw>
<kw name="Get Length" library="BuiltIn">
<doc>Returns and logs the length of the given item as an integer.</doc>
<arguments>
<arg>${result}</arg>
</arguments>
<assign>
<var>${length_str}</var>
</assign>
<msg timestamp="20200513 16:14:24.059" level="INFO">Length is 0</msg>
<msg timestamp="20200513 16:14:24.061" level="INFO">${length_str} = 0</msg>
<status status="PASS" starttime="20200513 16:14:24.059" endtime="20200513 16:14:24.061"></status>
</kw>
<kw name="Run Keyword If" library="BuiltIn">
<doc>Runs the given keyword with the given arguments, if ``condition`` is true.</doc>
<arguments>
<arg>${length_str}&gt;0</arg>
<arg>Append To List</arg>
<arg>${result_list}</arg>
<arg>${result}</arg>
</arguments>
<status status="PASS" starttime="20200513 16:14:24.063" endtime="20200513 16:14:24.065"></status>
</kw>
<status status="PASS" starttime="20200513 16:14:24.055" endtime="20200513 16:14:24.066"></status>
</kw>
<kw name="${i} = [35m[K/var/opt/oss/log/nokianetworks-isdk-snmpfm/isdk_snmpfm_debug.log[m[K[36m[K:[m[K[32m[K12562[m[K[36m[K:[m[K2020-05-13-T12:59:29.640+0300 |  |  | com.nsn.oss.mdk.fm.converter.snmp.S..." type="foritem">
<kw name="Get Regexp Matches" library="String">
<doc>Returns a list of all non-overlapping matches in the given string.</doc>
<arguments>
<arg>${i}</arg>
<arg>${custom_date}:([0-5]?[0-9])</arg>
</arguments>
<assign>
<var>${result}</var>
</assign>
<msg timestamp="20200513 16:14:24.072" level="INFO">${result} = []</msg>
<status status="PASS" starttime="20200513 16:14:24.069" endtime="20200513 16:14:24.073"></status>
</kw>
<kw name="Get Length" library="BuiltIn">
<doc>Returns and logs the length of the given item as an integer.</doc>
<arguments>
<arg>${result}</arg>
</arguments>
<assign>
<var>${length_str}</var>
</assign>
<msg timestamp="20200513 16:14:24.075" level="INFO">Length is 0</msg>
<msg timestamp="20200513 16:14:24.076" level="INFO">${length_str} = 0</msg>
<status status="PASS" starttime="20200513 16:14:24.075" endtime="20200513 16:14:24.077"></status>
</kw>
<kw name="Run Keyword If" library="BuiltIn">
<doc>Runs the given keyword with the given arguments, if ``condition`` is true.</doc>
<arguments>
<arg>${length_str}&gt;0</arg>
<arg>Append To List</arg>
<arg>${result_list}</arg>
<arg>${result}</arg>
</arguments>
<status status="PASS" starttime="20200513 16:14:24.078" endtime="20200513 16:14:24.080"></status>
</kw>
<status status="PASS" starttime="20200513 16:14:24.067" endtime="20200513 16:14:24.081"></status>
</kw>
<kw name="${i} = [35m[K/var/opt/oss/log/nokianetworks-isdk-snmpfm/isdk_snmpfm_debug.log[m[K[36m[K:[m[K[32m[K13330[m[K[36m[K:[m[K2020-05-13-T13:01:42.245+0300 |  |  | com.nsn.oss.mdk.fm.converter.snmp.S..." type="foritem">
<kw name="Get Regexp Matches" library="String">
<doc>Returns a list of all non-overlapping matches in the given string.</doc>
<arguments>
<arg>${i}</arg>
<arg>${custom_date}:([0-5]?[0-9])</arg>
</arguments>
<assign>
<var>${result}</var>
</assign>
<msg timestamp="20200513 16:14:24.084" level="INFO">${result} = ['2020-05-13-T13:01']</msg>
<status status="PASS" starttime="20200513 16:14:24.082" endtime="20200513 16:14:24.084"></status>
</kw>
<kw name="Get Length" library="BuiltIn">
<doc>Returns and logs the length of the given item as an integer.</doc>
<arguments>
<arg>${result}</arg>
</arguments>
<assign>
<var>${length_str}</var>
</assign>
<msg timestamp="20200513 16:14:24.085" level="INFO">Length is 1</msg>
<msg timestamp="20200513 16:14:24.086" level="INFO">${length_str} = 1</msg>
<status status="PASS" starttime="20200513 16:14:24.085" endtime="20200513 16:14:24.086"></status>
</kw>
<kw name="Run Keyword If" library="BuiltIn">
<doc>Runs the given keyword with the given arguments, if ``condition`` is true.</doc>
<arguments>
<arg>${length_str}&gt;0</arg>
<arg>Append To List</arg>
<arg>${result_list}</arg>
<arg>${result}</arg>
</arguments>
<kw name="Append To List" library="Collections">
<doc>Adds ``values`` to the end of ``list``.</doc>
<arguments>
<arg>${result_list}</arg>
<arg>${result}</arg>
</arguments>
<status status="PASS" starttime="20200513 16:14:24.088" endtime="20200513 16:14:24.089"></status>
</kw>
<status status="PASS" starttime="20200513 16:14:24.087" endtime="20200513 16:14:24.090"></status>
</kw>
<status status="PASS" starttime="20200513 16:14:24.081" endtime="20200513 16:14:24.090"></status>
</kw>
<kw name="${i} = [35m[K/var/opt/oss/log/nokianetworks-isdk-snmpfm/isdk_snmpfm_debug.log[m[K[36m[K:[m[K[32m[K13375[m[K[36m[K:[m[K2020-05-13-T13:01:42.352+0300 |  |  | com.nsn.oss.mdk.fm.converter.snmp.S..." type="foritem">
<kw name="Get Regexp Matches" library="String">
<doc>Returns a list of all non-overlapping matches in the given string.</doc>
<arguments>
<arg>${i}</arg>
<arg>${custom_date}:([0-5]?[0-9])</arg>
</arguments>
<assign>
<var>${result}</var>
</assign>
<msg timestamp="20200513 16:14:24.092" level="INFO">${result} = ['2020-05-13-T13:01']</msg>
<status status="PASS" starttime="20200513 16:14:24.091" endtime="20200513 16:14:24.092"></status>
</kw>
<kw name="Get Length" library="BuiltIn">
<doc>Returns and logs the length of the given item as an integer.</doc>
<arguments>
<arg>${result}</arg>
</arguments>
<assign>
<var>${length_str}</var>
</assign>
<msg timestamp="20200513 16:14:24.093" level="INFO">Length is 1</msg>
<msg timestamp="20200513 16:14:24.093" level="INFO">${length_str} = 1</msg>
<status status="PASS" starttime="20200513 16:14:24.093" endtime="20200513 16:14:24.094"></status>
</kw>
<kw name="Run Keyword If" library="BuiltIn">
<doc>Runs the given keyword with the given arguments, if ``condition`` is true.</doc>
<arguments>
<arg>${length_str}&gt;0</arg>
<arg>Append To List</arg>
<arg>${result_list}</arg>
<arg>${result}</arg>
</arguments>
<kw name="Append To List" library="Collections">
<doc>Adds ``values`` to the end of ``list``.</doc>
<arguments>
<arg>${result_list}</arg>
<arg>${result}</arg>
</arguments>
<status status="PASS" starttime="20200513 16:14:24.095" endtime="20200513 16:14:24.096"></status>
</kw>
<status status="PASS" starttime="20200513 16:14:24.094" endtime="20200513 16:14:24.096"></status>
</kw>
<status status="PASS" starttime="20200513 16:14:24.091" endtime="20200513 16:14:24.097"></status>
</kw>
<kw name="${i} = [35m[K/var/opt/oss/log/nokianetworks-isdk-snmpfm/isdk_snmpfm_debug.log[m[K[36m[K:[m[K[32m[K13490[m[K[36m[K:[m[K2020-05-13-T13:01:42.471+0300 |  |  | com.nsn.oss.mdk.fm.converter.snmp.S..." type="foritem">
<kw name="Get Regexp Matches" library="String">
<doc>Returns a list of all non-overlapping matches in the given string.</doc>
<arguments>
<arg>${i}</arg>
<arg>${custom_date}:([0-5]?[0-9])</arg>
</arguments>
<assign>
<var>${result}</var>
</assign>
<msg timestamp="20200513 16:14:24.101" level="INFO">${result} = ['2020-05-13-T13:01']</msg>
<status status="PASS" starttime="20200513 16:14:24.099" endtime="20200513 16:14:24.101"></status>
</kw>
<kw name="Get Length" library="BuiltIn">
<doc>Returns and logs the length of the given item as an integer.</doc>
<arguments>
<arg>${result}</arg>
</arguments>
<assign>
<var>${length_str}</var>
</assign>
<msg timestamp="20200513 16:14:24.102" level="INFO">Length is 1</msg>
<msg timestamp="20200513 16:14:24.103" level="INFO">${length_str} = 1</msg>
<status status="PASS" starttime="20200513 16:14:24.102" endtime="20200513 16:14:24.103"></status>
</kw>
<kw name="Run Keyword If" library="BuiltIn">
<doc>Runs the given keyword with the given arguments, if ``condition`` is true.</doc>
<arguments>
<arg>${length_str}&gt;0</arg>
<arg>Append To List</arg>
<arg>${result_list}</arg>
<arg>${result}</arg>
</arguments>
<kw name="Append To List" library="Collections">
<doc>Adds ``values`` to the end of ``list``.</doc>
<arguments>
<arg>${result_list}</arg>
<arg>${result}</arg>
</arguments>
<status status="PASS" starttime="20200513 16:14:24.105" endtime="20200513 16:14:24.106"></status>
</kw>
<status status="PASS" starttime="20200513 16:14:24.103" endtime="20200513 16:14:24.106"></status>
</kw>
<status status="PASS" starttime="20200513 16:14:24.098" endtime="20200513 16:14:24.107"></status>
</kw>
<kw name="${i} = [35m[K/var/opt/oss/log/nokianetworks-isdk-snmpfm/isdk_snmpfm_debug.log[m[K[36m[K:[m[K[32m[K13710[m[K[36m[K:[m[K2020-05-13-T13:01:42.765+0300 |  |  | com.nsn.oss.mdk.fm.converter.snmp.S..." type="foritem">
<kw name="Get Regexp Matches" library="String">
<doc>Returns a list of all non-overlapping matches in the given string.</doc>
<arguments>
<arg>${i}</arg>
<arg>${custom_date}:([0-5]?[0-9])</arg>
</arguments>
<assign>
<var>${result}</var>
</assign>
<msg timestamp="20200513 16:14:24.109" level="INFO">${result} = ['2020-05-13-T13:01']</msg>
<status status="PASS" starttime="20200513 16:14:24.108" endtime="20200513 16:14:24.109"></status>
</kw>
<kw name="Get Length" library="BuiltIn">
<doc>Returns and logs the length of the given item as an integer.</doc>
<arguments>
<arg>${result}</arg>
</arguments>
<assign>
<var>${length_str}</var>
</assign>
<msg timestamp="20200513 16:14:24.111" level="INFO">Length is 1</msg>
<msg timestamp="20200513 16:14:24.111" level="INFO">${length_str} = 1</msg>
<status status="PASS" starttime="20200513 16:14:24.110" endtime="20200513 16:14:24.111"></status>
</kw>
<kw name="Run Keyword If" library="BuiltIn">
<doc>Runs the given keyword with the given arguments, if ``condition`` is true.</doc>
<arguments>
<arg>${length_str}&gt;0</arg>
<arg>Append To List</arg>
<arg>${result_list}</arg>
<arg>${result}</arg>
</arguments>
<kw name="Append To List" library="Collections">
<doc>Adds ``values`` to the end of ``list``.</doc>
<arguments>
<arg>${result_list}</arg>
<arg>${result}</arg>
</arguments>
<status status="PASS" starttime="20200513 16:14:24.114" endtime="20200513 16:14:24.115"></status>
</kw>
<status status="PASS" starttime="20200513 16:14:24.112" endtime="20200513 16:14:24.115"></status>
</kw>
<status status="PASS" starttime="20200513 16:14:24.107" endtime="20200513 16:14:24.116"></status>
</kw>
<kw name="${i} = [35m[K/var/opt/oss/log/nokianetworks-isdk-snmpfm/isdk_snmpfm_debug.log[m[K[36m[K:[m[K[32m[K13724[m[K[36m[K:[m[K2020-05-13-T13:01:42.792+0300 |  |  | com.nsn.oss.mdk.fm.converter.snmp.S..." type="foritem">
<kw name="Get Regexp Matches" library="String">
<doc>Returns a list of all non-overlapping matches in the given string.</doc>
<arguments>
<arg>${i}</arg>
<arg>${custom_date}:([0-5]?[0-9])</arg>
</arguments>
<assign>
<var>${result}</var>
</assign>
<msg timestamp="20200513 16:14:24.118" level="INFO">${result} = ['2020-05-13-T13:01']</msg>
<status status="PASS" starttime="20200513 16:14:24.117" endtime="20200513 16:14:24.118"></status>
</kw>
<kw name="Get Length" library="BuiltIn">
<doc>Returns and logs the length of the given item as an integer.</doc>
<arguments>
<arg>${result}</arg>
</arguments>
<assign>
<var>${length_str}</var>
</assign>
<msg timestamp="20200513 16:14:24.119" level="INFO">Length is 1</msg>
<msg timestamp="20200513 16:14:24.119" level="INFO">${length_str} = 1</msg>
<status status="PASS" starttime="20200513 16:14:24.118" endtime="20200513 16:14:24.120"></status>
</kw>
<kw name="Run Keyword If" library="BuiltIn">
<doc>Runs the given keyword with the given arguments, if ``condition`` is true.</doc>
<arguments>
<arg>${length_str}&gt;0</arg>
<arg>Append To List</arg>
<arg>${result_list}</arg>
<arg>${result}</arg>
</arguments>
<kw name="Append To List" library="Collections">
<doc>Adds ``values`` to the end of ``list``.</doc>
<arguments>
<arg>${result_list}</arg>
<arg>${result}</arg>
</arguments>
<status status="PASS" starttime="20200513 16:14:24.121" endtime="20200513 16:14:24.122"></status>
</kw>
<status status="PASS" starttime="20200513 16:14:24.120" endtime="20200513 16:14:24.124"></status>
</kw>
<status status="PASS" starttime="20200513 16:14:24.116" endtime="20200513 16:14:24.124"></status>
</kw>
<kw name="${i} = [35m[K/var/opt/oss/log/nokianetworks-isdk-snmpfm/isdk_snmpfm_debug.log[m[K[36m[K:[m[K[32m[K13772[m[K[36m[K:[m[K2020-05-13-T13:01:42.866+0300 |  |  | com.nsn.oss.mdk.fm.converter.snmp.S..." type="foritem">
<kw name="Get Regexp Matches" library="String">
<doc>Returns a list of all non-overlapping matches in the given string.</doc>
<arguments>
<arg>${i}</arg>
<arg>${custom_date}:([0-5]?[0-9])</arg>
</arguments>
<assign>
<var>${result}</var>
</assign>
<msg timestamp="20200513 16:14:24.130" level="INFO">${result} = ['2020-05-13-T13:01']</msg>
<status status="PASS" starttime="20200513 16:14:24.128" endtime="20200513 16:14:24.131"></status>
</kw>
<kw name="Get Length" library="BuiltIn">
<doc>Returns and logs the length of the given item as an integer.</doc>
<arguments>
<arg>${result}</arg>
</arguments>
<assign>
<var>${length_str}</var>
</assign>
<msg timestamp="20200513 16:14:24.134" level="INFO">Length is 1</msg>
<msg timestamp="20200513 16:14:24.135" level="INFO">${length_str} = 1</msg>
<status status="PASS" starttime="20200513 16:14:24.133" endtime="20200513 16:14:24.137"></status>
</kw>
<kw name="Run Keyword If" library="BuiltIn">
<doc>Runs the given keyword with the given arguments, if ``condition`` is true.</doc>
<arguments>
<arg>${length_str}&gt;0</arg>
<arg>Append To List</arg>
<arg>${result_list}</arg>
<arg>${result}</arg>
</arguments>
<kw name="Append To List" library="Collections">
<doc>Adds ``values`` to the end of ``list``.</doc>
<arguments>
<arg>${result_list}</arg>
<arg>${result}</arg>
</arguments>
<status status="PASS" starttime="20200513 16:14:24.140" endtime="20200513 16:14:24.141"></status>
</kw>
<status status="PASS" starttime="20200513 16:14:24.138" endtime="20200513 16:14:24.142"></status>
</kw>
<status status="PASS" starttime="20200513 16:14:24.126" endtime="20200513 16:14:24.142"></status>
</kw>
<kw name="${i} = [35m[K/var/opt/oss/log/nokianetworks-isdk-snmpfm/isdk_snmpfm_debug.log[m[K[36m[K:[m[K[32m[K46241[m[K[36m[K:[m[K2020-05-13-T13:45:14.952+0300 |  |  | com.nsn.oss.mdk.fm.converter.snmp.S..." type="foritem">
<kw name="Get Regexp Matches" library="String">
<doc>Returns a list of all non-overlapping matches in the given string.</doc>
<arguments>
<arg>${i}</arg>
<arg>${custom_date}:([0-5]?[0-9])</arg>
</arguments>
<assign>
<var>${result}</var>
</assign>
<msg timestamp="20200513 16:14:24.145" level="INFO">${result} = ['2020-05-13-T13:45']</msg>
<status status="PASS" starttime="20200513 16:14:24.144" endtime="20200513 16:14:24.146"></status>
</kw>
<kw name="Get Length" library="BuiltIn">
<doc>Returns and logs the length of the given item as an integer.</doc>
<arguments>
<arg>${result}</arg>
</arguments>
<assign>
<var>${length_str}</var>
</assign>
<msg timestamp="20200513 16:14:24.148" level="INFO">Length is 1</msg>
<msg timestamp="20200513 16:14:24.149" level="INFO">${length_str} = 1</msg>
<status status="PASS" starttime="20200513 16:14:24.147" endtime="20200513 16:14:24.149"></status>
</kw>
<kw name="Run Keyword If" library="BuiltIn">
<doc>Runs the given keyword with the given arguments, if ``condition`` is true.</doc>
<arguments>
<arg>${length_str}&gt;0</arg>
<arg>Append To List</arg>
<arg>${result_list}</arg>
<arg>${result}</arg>
</arguments>
<kw name="Append To List" library="Collections">
<doc>Adds ``values`` to the end of ``list``.</doc>
<arguments>
<arg>${result_list}</arg>
<arg>${result}</arg>
</arguments>
<status status="PASS" starttime="20200513 16:14:24.151" endtime="20200513 16:14:24.152"></status>
</kw>
<status status="PASS" starttime="20200513 16:14:24.151" endtime="20200513 16:14:24.153"></status>
</kw>
<status status="PASS" starttime="20200513 16:14:24.143" endtime="20200513 16:14:24.153"></status>
</kw>
<kw name="${i} = [35m[K/var/opt/oss/log/nokianetworks-isdk-snmpfm/isdk_snmpfm_debug.log[m[K[36m[K:[m[K[32m[K46279[m[K[36m[K:[m[K2020-05-13-T13:45:15.050+0300 |  |  | com.nsn.oss.mdk.fm.converter.snmp.S..." type="foritem">
<kw name="Get Regexp Matches" library="String">
<doc>Returns a list of all non-overlapping matches in the given string.</doc>
<arguments>
<arg>${i}</arg>
<arg>${custom_date}:([0-5]?[0-9])</arg>
</arguments>
<assign>
<var>${result}</var>
</assign>
<msg timestamp="20200513 16:14:24.157" level="INFO">${result} = ['2020-05-13-T13:45']</msg>
<status status="PASS" starttime="20200513 16:14:24.155" endtime="20200513 16:14:24.157"></status>
</kw>
<kw name="Get Length" library="BuiltIn">
<doc>Returns and logs the length of the given item as an integer.</doc>
<arguments>
<arg>${result}</arg>
</arguments>
<assign>
<var>${length_str}</var>
</assign>
<msg timestamp="20200513 16:14:24.158" level="INFO">Length is 1</msg>
<msg timestamp="20200513 16:14:24.158" level="INFO">${length_str} = 1</msg>
<status status="PASS" starttime="20200513 16:14:24.158" endtime="20200513 16:14:24.159"></status>
</kw>
<kw name="Run Keyword If" library="BuiltIn">
<doc>Runs the given keyword with the given arguments, if ``condition`` is true.</doc>
<arguments>
<arg>${length_str}&gt;0</arg>
<arg>Append To List</arg>
<arg>${result_list}</arg>
<arg>${result}</arg>
</arguments>
<kw name="Append To List" library="Collections">
<doc>Adds ``values`` to the end of ``list``.</doc>
<arguments>
<arg>${result_list}</arg>
<arg>${result}</arg>
</arguments>
<status status="PASS" starttime="20200513 16:14:24.161" endtime="20200513 16:14:24.163"></status>
</kw>
<status status="PASS" starttime="20200513 16:14:24.161" endtime="20200513 16:14:24.165"></status>
</kw>
<status status="PASS" starttime="20200513 16:14:24.154" endtime="20200513 16:14:24.165"></status>
</kw>
<kw name="${i} = [35m[K/var/opt/oss/log/nokianetworks-isdk-snmpfm/isdk_snmpfm_debug.log[m[K[36m[K:[m[K[32m[K46317[m[K[36m[K:[m[K2020-05-13-T13:45:15.134+0300 |  |  | com.nsn.oss.mdk.fm.converter.snmp.S..." type="foritem">
<kw name="Get Regexp Matches" library="String">
<doc>Returns a list of all non-overlapping matches in the given string.</doc>
<arguments>
<arg>${i}</arg>
<arg>${custom_date}:([0-5]?[0-9])</arg>
</arguments>
<assign>
<var>${result}</var>
</assign>
<msg timestamp="20200513 16:14:24.168" level="INFO">${result} = ['2020-05-13-T13:45']</msg>
<status status="PASS" starttime="20200513 16:14:24.166" endtime="20200513 16:14:24.168"></status>
</kw>
<kw name="Get Length" library="BuiltIn">
<doc>Returns and logs the length of the given item as an integer.</doc>
<arguments>
<arg>${result}</arg>
</arguments>
<assign>
<var>${length_str}</var>
</assign>
<msg timestamp="20200513 16:14:24.171" level="INFO">Length is 1</msg>
<msg timestamp="20200513 16:14:24.172" level="INFO">${length_str} = 1</msg>
<status status="PASS" starttime="20200513 16:14:24.170" endtime="20200513 16:14:24.173"></status>
</kw>
<kw name="Run Keyword If" library="BuiltIn">
<doc>Runs the given keyword with the given arguments, if ``condition`` is true.</doc>
<arguments>
<arg>${length_str}&gt;0</arg>
<arg>Append To List</arg>
<arg>${result_list}</arg>
<arg>${result}</arg>
</arguments>
<kw name="Append To List" library="Collections">
<doc>Adds ``values`` to the end of ``list``.</doc>
<arguments>
<arg>${result_list}</arg>
<arg>${result}</arg>
</arguments>
<status status="PASS" starttime="20200513 16:14:24.176" endtime="20200513 16:14:24.178"></status>
</kw>
<status status="PASS" starttime="20200513 16:14:24.174" endtime="20200513 16:14:24.179"></status>
</kw>
<status status="PASS" starttime="20200513 16:14:24.166" endtime="20200513 16:14:24.180"></status>
</kw>
<kw name="${i} = [35m[K/var/opt/oss/log/nokianetworks-isdk-snmpfm/isdk_snmpfm_debug.log[m[K[36m[K:[m[K[32m[K46355[m[K[36m[K:[m[K2020-05-13-T13:45:15.299+0300 |  |  | com.nsn.oss.mdk.fm.converter.snmp.S..." type="foritem">
<kw name="Get Regexp Matches" library="String">
<doc>Returns a list of all non-overlapping matches in the given string.</doc>
<arguments>
<arg>${i}</arg>
<arg>${custom_date}:([0-5]?[0-9])</arg>
</arguments>
<assign>
<var>${result}</var>
</assign>
<msg timestamp="20200513 16:14:24.186" level="INFO">${result} = ['2020-05-13-T13:45']</msg>
<status status="PASS" starttime="20200513 16:14:24.184" endtime="20200513 16:14:24.187"></status>
</kw>
<kw name="Get Length" library="BuiltIn">
<doc>Returns and logs the length of the given item as an integer.</doc>
<arguments>
<arg>${result}</arg>
</arguments>
<assign>
<var>${length_str}</var>
</assign>
<msg timestamp="20200513 16:14:24.190" level="INFO">Length is 1</msg>
<msg timestamp="20200513 16:14:24.191" level="INFO">${length_str} = 1</msg>
<status status="PASS" starttime="20200513 16:14:24.189" endtime="20200513 16:14:24.191"></status>
</kw>
<kw name="Run Keyword If" library="BuiltIn">
<doc>Runs the given keyword with the given arguments, if ``condition`` is true.</doc>
<arguments>
<arg>${length_str}&gt;0</arg>
<arg>Append To List</arg>
<arg>${result_list}</arg>
<arg>${result}</arg>
</arguments>
<kw name="Append To List" library="Collections">
<doc>Adds ``values`` to the end of ``list``.</doc>
<arguments>
<arg>${result_list}</arg>
<arg>${result}</arg>
</arguments>
<status status="PASS" starttime="20200513 16:14:24.192" endtime="20200513 16:14:24.193"></status>
</kw>
<status status="PASS" starttime="20200513 16:14:24.192" endtime="20200513 16:14:24.194"></status>
</kw>
<status status="PASS" starttime="20200513 16:14:24.182" endtime="20200513 16:14:24.194"></status>
</kw>
<kw name="${i} = [35m[K/var/opt/oss/log/nokianetworks-isdk-snmpfm/isdk_snmpfm_debug.log[m[K[36m[K:[m[K[32m[K46407[m[K[36m[K:[m[K2020-05-13-T13:45:15.391+0300 |  |  | com.nsn.oss.mdk.fm.converter.snmp.S..." type="foritem">
<kw name="Get Regexp Matches" library="String">
<doc>Returns a list of all non-overlapping matches in the given string.</doc>
<arguments>
<arg>${i}</arg>
<arg>${custom_date}:([0-5]?[0-9])</arg>
</arguments>
<assign>
<var>${result}</var>
</assign>
<msg timestamp="20200513 16:14:24.196" level="INFO">${result} = ['2020-05-13-T13:45']</msg>
<status status="PASS" starttime="20200513 16:14:24.195" endtime="20200513 16:14:24.197"></status>
</kw>
<kw name="Get Length" library="BuiltIn">
<doc>Returns and logs the length of the given item as an integer.</doc>
<arguments>
<arg>${result}</arg>
</arguments>
<assign>
<var>${length_str}</var>
</assign>
<msg timestamp="20200513 16:14:24.198" level="INFO">Length is 1</msg>
<msg timestamp="20200513 16:14:24.199" level="INFO">${length_str} = 1</msg>
<status status="PASS" starttime="20200513 16:14:24.198" endtime="20200513 16:14:24.199"></status>
</kw>
<kw name="Run Keyword If" library="BuiltIn">
<doc>Runs the given keyword with the given arguments, if ``condition`` is true.</doc>
<arguments>
<arg>${length_str}&gt;0</arg>
<arg>Append To List</arg>
<arg>${result_list}</arg>
<arg>${result}</arg>
</arguments>
<kw name="Append To List" library="Collections">
<doc>Adds ``values`` to the end of ``list``.</doc>
<arguments>
<arg>${result_list}</arg>
<arg>${result}</arg>
</arguments>
<status status="PASS" starttime="20200513 16:14:24.201" endtime="20200513 16:14:24.201"></status>
</kw>
<status status="PASS" starttime="20200513 16:14:24.200" endtime="20200513 16:14:24.202"></status>
</kw>
<status status="PASS" starttime="20200513 16:14:24.195" endtime="20200513 16:14:24.202"></status>
</kw>
<kw name="${i} = [35m[K/var/opt/oss/log/nokianetworks-isdk-snmpfm/isdk_snmpfm_debug.log[m[K[36m[K:[m[K[32m[K46615[m[K[36m[K:[m[K2020-05-13-T13:45:15.458+0300 |  |  | com.nsn.oss.mdk.fm.converter.snmp.S..." type="foritem">
<kw name="Get Regexp Matches" library="String">
<doc>Returns a list of all non-overlapping matches in the given string.</doc>
<arguments>
<arg>${i}</arg>
<arg>${custom_date}:([0-5]?[0-9])</arg>
</arguments>
<assign>
<var>${result}</var>
</assign>
<msg timestamp="20200513 16:14:24.204" level="INFO">${result} = ['2020-05-13-T13:45']</msg>
<status status="PASS" starttime="20200513 16:14:24.203" endtime="20200513 16:14:24.205"></status>
</kw>
<kw name="Get Length" library="BuiltIn">
<doc>Returns and logs the length of the given item as an integer.</doc>
<arguments>
<arg>${result}</arg>
</arguments>
<assign>
<var>${length_str}</var>
</assign>
<msg timestamp="20200513 16:14:24.206" level="INFO">Length is 1</msg>
<msg timestamp="20200513 16:14:24.206" level="INFO">${length_str} = 1</msg>
<status status="PASS" starttime="20200513 16:14:24.205" endtime="20200513 16:14:24.206"></status>
</kw>
<kw name="Run Keyword If" library="BuiltIn">
<doc>Runs the given keyword with the given arguments, if ``condition`` is true.</doc>
<arguments>
<arg>${length_str}&gt;0</arg>
<arg>Append To List</arg>
<arg>${result_list}</arg>
<arg>${result}</arg>
</arguments>
<kw name="Append To List" library="Collections">
<doc>Adds ``values`` to the end of ``list``.</doc>
<arguments>
<arg>${result_list}</arg>
<arg>${result}</arg>
</arguments>
<status status="PASS" starttime="20200513 16:14:24.207" endtime="20200513 16:14:24.208"></status>
</kw>
<status status="PASS" starttime="20200513 16:14:24.207" endtime="20200513 16:14:24.209"></status>
</kw>
<status status="PASS" starttime="20200513 16:14:24.203" endtime="20200513 16:14:24.209"></status>
</kw>
<kw name="${i} = [root@clab689node12 ~]# " type="foritem">
<kw name="Get Regexp Matches" library="String">
<doc>Returns a list of all non-overlapping matches in the given string.</doc>
<arguments>
<arg>${i}</arg>
<arg>${custom_date}:([0-5]?[0-9])</arg>
</arguments>
<assign>
<var>${result}</var>
</assign>
<msg timestamp="20200513 16:14:24.212" level="INFO">${result} = []</msg>
<status status="PASS" starttime="20200513 16:14:24.211" endtime="20200513 16:14:24.212"></status>
</kw>
<kw name="Get Length" library="BuiltIn">
<doc>Returns and logs the length of the given item as an integer.</doc>
<arguments>
<arg>${result}</arg>
</arguments>
<assign>
<var>${length_str}</var>
</assign>
<msg timestamp="20200513 16:14:24.214" level="INFO">Length is 0</msg>
<msg timestamp="20200513 16:14:24.215" level="INFO">${length_str} = 0</msg>
<status status="PASS" starttime="20200513 16:14:24.213" endtime="20200513 16:14:24.215"></status>
</kw>
<kw name="Run Keyword If" library="BuiltIn">
<doc>Runs the given keyword with the given arguments, if ``condition`` is true.</doc>
<arguments>
<arg>${length_str}&gt;0</arg>
<arg>Append To List</arg>
<arg>${result_list}</arg>
<arg>${result}</arg>
</arguments>
<status status="PASS" starttime="20200513 16:14:24.216" endtime="20200513 16:14:24.217"></status>
</kw>
<status status="PASS" starttime="20200513 16:14:24.209" endtime="20200513 16:14:24.217"></status>
</kw>
<status status="PASS" starttime="20200513 16:14:24.011" endtime="20200513 16:14:24.218"></status>
</kw>
<kw name="Create List" library="BuiltIn">
<doc>Returns a list containing given items.</doc>
<assign>
<var>@{result_list1}</var>
</assign>
<msg timestamp="20200513 16:14:24.220" level="INFO">@{result_list1} = [ ]</msg>
<status status="PASS" starttime="20200513 16:14:24.219" endtime="20200513 16:14:24.221"></status>
</kw>
<kw name="Set Variable" library="BuiltIn">
<doc>Returns the given values which can then be assigned to a variables.</doc>
<arguments>
<arg>0</arg>
</arguments>
<assign>
<var>${count}</var>
</assign>
<msg timestamp="20200513 16:14:24.224" level="INFO">${count} = 0</msg>
<status status="PASS" starttime="20200513 16:14:24.222" endtime="20200513 16:14:24.224"></status>
</kw>
<kw name="${i} IN [ @{result_list} ]" type="for">
<kw name="${i} = ['2020-05-13-T13:01']" type="foritem">
<kw name="Set Variable" library="BuiltIn">
<doc>Returns the given values which can then be assigned to a variables.</doc>
<arguments>
<arg>${i[0]}</arg>
</arguments>
<assign>
<var>${string_value}</var>
</assign>
<msg timestamp="20200513 16:14:24.228" level="INFO">${string_value} = 2020-05-13-T13:01</msg>
<status status="PASS" starttime="20200513 16:14:24.226" endtime="20200513 16:14:24.229"></status>
</kw>
<kw name="Should Match Regexp" library="BuiltIn">
<doc>Fails if ``string`` does not match ``pattern`` as a regular expression.</doc>
<arguments>
<arg>${string_value}</arg>
<arg>:[0-5][0-9]</arg>
</arguments>
<assign>
<var>${minute}</var>
</assign>
<msg timestamp="20200513 16:14:24.231" level="INFO">${minute} = :01</msg>
<status status="PASS" starttime="20200513 16:14:24.230" endtime="20200513 16:14:24.231"></status>
</kw>
<kw name="Remove String" library="String">
<doc>Removes all ``removables`` from the given ``string``.</doc>
<arguments>
<arg>${minute}</arg>
<arg>:</arg>
</arguments>
<assign>
<var>${rmv_minutes}</var>
</assign>
<msg timestamp="20200513 16:14:24.232" level="INFO">${rmv_minutes} = 01</msg>
<status status="PASS" starttime="20200513 16:14:24.232" endtime="20200513 16:14:24.233"></status>
</kw>
<kw name="Convert To Integer" library="BuiltIn">
<doc>Converts the given item to an integer number.</doc>
<arguments>
<arg>${rmv_minutes}</arg>
</arguments>
<assign>
<var>${rmv_min_in_int}</var>
</assign>
<msg timestamp="20200513 16:14:24.234" level="INFO">${rmv_min_in_int} = 1</msg>
<status status="PASS" starttime="20200513 16:14:24.233" endtime="20200513 16:14:24.234"></status>
</kw>
<kw name="Run Keyword If" library="BuiltIn">
<doc>Runs the given keyword with the given arguments, if ``condition`` is true.</doc>
<arguments>
<arg>${rmv_min_in_int}&gt;=${minutes_in_int}</arg>
<arg>Evaluate</arg>
<arg>${count} + 1</arg>
<arg>ELSE</arg>
<arg>Set Variable</arg>
<arg>${count}</arg>
</arguments>
<assign>
<var>${count}</var>
</assign>
<kw name="Set Variable" library="BuiltIn">
<doc>Returns the given values which can then be assigned to a variables.</doc>
<arguments>
<arg>${count}</arg>
</arguments>
<status status="PASS" starttime="20200513 16:14:24.236" endtime="20200513 16:14:24.237"></status>
</kw>
<msg timestamp="20200513 16:14:24.237" level="INFO">${count} = 0</msg>
<status status="PASS" starttime="20200513 16:14:24.235" endtime="20200513 16:14:24.238"></status>
</kw>
<status status="PASS" starttime="20200513 16:14:24.225" endtime="20200513 16:14:24.238"></status>
</kw>
<kw name="${i} = ['2020-05-13-T13:01']" type="foritem">
<kw name="Set Variable" library="BuiltIn">
<doc>Returns the given values which can then be assigned to a variables.</doc>
<arguments>
<arg>${i[0]}</arg>
</arguments>
<assign>
<var>${string_value}</var>
</assign>
<msg timestamp="20200513 16:14:24.244" level="INFO">${string_value} = 2020-05-13-T13:01</msg>
<status status="PASS" starttime="20200513 16:14:24.242" endtime="20200513 16:14:24.244"></status>
</kw>
<kw name="Should Match Regexp" library="BuiltIn">
<doc>Fails if ``string`` does not match ``pattern`` as a regular expression.</doc>
<arguments>
<arg>${string_value}</arg>
<arg>:[0-5][0-9]</arg>
</arguments>
<assign>
<var>${minute}</var>
</assign>
<msg timestamp="20200513 16:14:24.246" level="INFO">${minute} = :01</msg>
<status status="PASS" starttime="20200513 16:14:24.245" endtime="20200513 16:14:24.247"></status>
</kw>
<kw name="Remove String" library="String">
<doc>Removes all ``removables`` from the given ``string``.</doc>
<arguments>
<arg>${minute}</arg>
<arg>:</arg>
</arguments>
<assign>
<var>${rmv_minutes}</var>
</assign>
<msg timestamp="20200513 16:14:24.249" level="INFO">${rmv_minutes} = 01</msg>
<status status="PASS" starttime="20200513 16:14:24.248" endtime="20200513 16:14:24.250"></status>
</kw>
<kw name="Convert To Integer" library="BuiltIn">
<doc>Converts the given item to an integer number.</doc>
<arguments>
<arg>${rmv_minutes}</arg>
</arguments>
<assign>
<var>${rmv_min_in_int}</var>
</assign>
<msg timestamp="20200513 16:14:24.255" level="INFO">${rmv_min_in_int} = 1</msg>
<status status="PASS" starttime="20200513 16:14:24.253" endtime="20200513 16:14:24.255"></status>
</kw>
<kw name="Run Keyword If" library="BuiltIn">
<doc>Runs the given keyword with the given arguments, if ``condition`` is true.</doc>
<arguments>
<arg>${rmv_min_in_int}&gt;=${minutes_in_int}</arg>
<arg>Evaluate</arg>
<arg>${count} + 1</arg>
<arg>ELSE</arg>
<arg>Set Variable</arg>
<arg>${count}</arg>
</arguments>
<assign>
<var>${count}</var>
</assign>
<kw name="Set Variable" library="BuiltIn">
<doc>Returns the given values which can then be assigned to a variables.</doc>
<arguments>
<arg>${count}</arg>
</arguments>
<status status="PASS" starttime="20200513 16:14:24.257" endtime="20200513 16:14:24.258"></status>
</kw>
<msg timestamp="20200513 16:14:24.259" level="INFO">${count} = 0</msg>
<status status="PASS" starttime="20200513 16:14:24.256" endtime="20200513 16:14:24.260"></status>
</kw>
<status status="PASS" starttime="20200513 16:14:24.239" endtime="20200513 16:14:24.261"></status>
</kw>
<kw name="${i} = ['2020-05-13-T13:01']" type="foritem">
<kw name="Set Variable" library="BuiltIn">
<doc>Returns the given values which can then be assigned to a variables.</doc>
<arguments>
<arg>${i[0]}</arg>
</arguments>
<assign>
<var>${string_value}</var>
</assign>
<msg timestamp="20200513 16:14:24.264" level="INFO">${string_value} = 2020-05-13-T13:01</msg>
<status status="PASS" starttime="20200513 16:14:24.262" endtime="20200513 16:14:24.264"></status>
</kw>
<kw name="Should Match Regexp" library="BuiltIn">
<doc>Fails if ``string`` does not match ``pattern`` as a regular expression.</doc>
<arguments>
<arg>${string_value}</arg>
<arg>:[0-5][0-9]</arg>
</arguments>
<assign>
<var>${minute}</var>
</assign>
<msg timestamp="20200513 16:14:24.266" level="INFO">${minute} = :01</msg>
<status status="PASS" starttime="20200513 16:14:24.264" endtime="20200513 16:14:24.266"></status>
</kw>
<kw name="Remove String" library="String">
<doc>Removes all ``removables`` from the given ``string``.</doc>
<arguments>
<arg>${minute}</arg>
<arg>:</arg>
</arguments>
<assign>
<var>${rmv_minutes}</var>
</assign>
<msg timestamp="20200513 16:14:24.270" level="INFO">${rmv_minutes} = 01</msg>
<status status="PASS" starttime="20200513 16:14:24.268" endtime="20200513 16:14:24.270"></status>
</kw>
<kw name="Convert To Integer" library="BuiltIn">
<doc>Converts the given item to an integer number.</doc>
<arguments>
<arg>${rmv_minutes}</arg>
</arguments>
<assign>
<var>${rmv_min_in_int}</var>
</assign>
<msg timestamp="20200513 16:14:24.275" level="INFO">${rmv_min_in_int} = 1</msg>
<status status="PASS" starttime="20200513 16:14:24.271" endtime="20200513 16:14:24.276"></status>
</kw>
<kw name="Run Keyword If" library="BuiltIn">
<doc>Runs the given keyword with the given arguments, if ``condition`` is true.</doc>
<arguments>
<arg>${rmv_min_in_int}&gt;=${minutes_in_int}</arg>
<arg>Evaluate</arg>
<arg>${count} + 1</arg>
<arg>ELSE</arg>
<arg>Set Variable</arg>
<arg>${count}</arg>
</arguments>
<assign>
<var>${count}</var>
</assign>
<kw name="Set Variable" library="BuiltIn">
<doc>Returns the given values which can then be assigned to a variables.</doc>
<arguments>
<arg>${count}</arg>
</arguments>
<status status="PASS" starttime="20200513 16:14:24.279" endtime="20200513 16:14:24.281"></status>
</kw>
<msg timestamp="20200513 16:14:24.284" level="INFO">${count} = 0</msg>
<status status="PASS" starttime="20200513 16:14:24.277" endtime="20200513 16:14:24.285"></status>
</kw>
<status status="PASS" starttime="20200513 16:14:24.261" endtime="20200513 16:14:24.285"></status>
</kw>
<kw name="${i} = ['2020-05-13-T13:01']" type="foritem">
<kw name="Set Variable" library="BuiltIn">
<doc>Returns the given values which can then be assigned to a variables.</doc>
<arguments>
<arg>${i[0]}</arg>
</arguments>
<assign>
<var>${string_value}</var>
</assign>
<msg timestamp="20200513 16:14:24.291" level="INFO">${string_value} = 2020-05-13-T13:01</msg>
<status status="PASS" starttime="20200513 16:14:24.288" endtime="20200513 16:14:24.292"></status>
</kw>
<kw name="Should Match Regexp" library="BuiltIn">
<doc>Fails if ``string`` does not match ``pattern`` as a regular expression.</doc>
<arguments>
<arg>${string_value}</arg>
<arg>:[0-5][0-9]</arg>
</arguments>
<assign>
<var>${minute}</var>
</assign>
<msg timestamp="20200513 16:14:24.294" level="INFO">${minute} = :01</msg>
<status status="PASS" starttime="20200513 16:14:24.293" endtime="20200513 16:14:24.294"></status>
</kw>
<kw name="Remove String" library="String">
<doc>Removes all ``removables`` from the given ``string``.</doc>
<arguments>
<arg>${minute}</arg>
<arg>:</arg>
</arguments>
<assign>
<var>${rmv_minutes}</var>
</assign>
<msg timestamp="20200513 16:14:24.296" level="INFO">${rmv_minutes} = 01</msg>
<status status="PASS" starttime="20200513 16:14:24.295" endtime="20200513 16:14:24.297"></status>
</kw>
<kw name="Convert To Integer" library="BuiltIn">
<doc>Converts the given item to an integer number.</doc>
<arguments>
<arg>${rmv_minutes}</arg>
</arguments>
<assign>
<var>${rmv_min_in_int}</var>
</assign>
<msg timestamp="20200513 16:14:24.298" level="INFO">${rmv_min_in_int} = 1</msg>
<status status="PASS" starttime="20200513 16:14:24.297" endtime="20200513 16:14:24.299"></status>
</kw>
<kw name="Run Keyword If" library="BuiltIn">
<doc>Runs the given keyword with the given arguments, if ``condition`` is true.</doc>
<arguments>
<arg>${rmv_min_in_int}&gt;=${minutes_in_int}</arg>
<arg>Evaluate</arg>
<arg>${count} + 1</arg>
<arg>ELSE</arg>
<arg>Set Variable</arg>
<arg>${count}</arg>
</arguments>
<assign>
<var>${count}</var>
</assign>
<kw name="Set Variable" library="BuiltIn">
<doc>Returns the given values which can then be assigned to a variables.</doc>
<arguments>
<arg>${count}</arg>
</arguments>
<status status="PASS" starttime="20200513 16:14:24.301" endtime="20200513 16:14:24.302"></status>
</kw>
<msg timestamp="20200513 16:14:24.302" level="INFO">${count} = 0</msg>
<status status="PASS" starttime="20200513 16:14:24.300" endtime="20200513 16:14:24.302"></status>
</kw>
<status status="PASS" starttime="20200513 16:14:24.286" endtime="20200513 16:14:24.303"></status>
</kw>
<kw name="${i} = ['2020-05-13-T13:01']" type="foritem">
<kw name="Set Variable" library="BuiltIn">
<doc>Returns the given values which can then be assigned to a variables.</doc>
<arguments>
<arg>${i[0]}</arg>
</arguments>
<assign>
<var>${string_value}</var>
</assign>
<msg timestamp="20200513 16:14:24.304" level="INFO">${string_value} = 2020-05-13-T13:01</msg>
<status status="PASS" starttime="20200513 16:14:24.303" endtime="20200513 16:14:24.304"></status>
</kw>
<kw name="Should Match Regexp" library="BuiltIn">
<doc>Fails if ``string`` does not match ``pattern`` as a regular expression.</doc>
<arguments>
<arg>${string_value}</arg>
<arg>:[0-5][0-9]</arg>
</arguments>
<assign>
<var>${minute}</var>
</assign>
<msg timestamp="20200513 16:14:24.305" level="INFO">${minute} = :01</msg>
<status status="PASS" starttime="20200513 16:14:24.305" endtime="20200513 16:14:24.306"></status>
</kw>
<kw name="Remove String" library="String">
<doc>Removes all ``removables`` from the given ``string``.</doc>
<arguments>
<arg>${minute}</arg>
<arg>:</arg>
</arguments>
<assign>
<var>${rmv_minutes}</var>
</assign>
<msg timestamp="20200513 16:14:24.307" level="INFO">${rmv_minutes} = 01</msg>
<status status="PASS" starttime="20200513 16:14:24.306" endtime="20200513 16:14:24.307"></status>
</kw>
<kw name="Convert To Integer" library="BuiltIn">
<doc>Converts the given item to an integer number.</doc>
<arguments>
<arg>${rmv_minutes}</arg>
</arguments>
<assign>
<var>${rmv_min_in_int}</var>
</assign>
<msg timestamp="20200513 16:14:24.308" level="INFO">${rmv_min_in_int} = 1</msg>
<status status="PASS" starttime="20200513 16:14:24.307" endtime="20200513 16:14:24.308"></status>
</kw>
<kw name="Run Keyword If" library="BuiltIn">
<doc>Runs the given keyword with the given arguments, if ``condition`` is true.</doc>
<arguments>
<arg>${rmv_min_in_int}&gt;=${minutes_in_int}</arg>
<arg>Evaluate</arg>
<arg>${count} + 1</arg>
<arg>ELSE</arg>
<arg>Set Variable</arg>
<arg>${count}</arg>
</arguments>
<assign>
<var>${count}</var>
</assign>
<kw name="Set Variable" library="BuiltIn">
<doc>Returns the given values which can then be assigned to a variables.</doc>
<arguments>
<arg>${count}</arg>
</arguments>
<status status="PASS" starttime="20200513 16:14:24.309" endtime="20200513 16:14:24.310"></status>
</kw>
<msg timestamp="20200513 16:14:24.310" level="INFO">${count} = 0</msg>
<status status="PASS" starttime="20200513 16:14:24.309" endtime="20200513 16:14:24.310"></status>
</kw>
<status status="PASS" starttime="20200513 16:14:24.303" endtime="20200513 16:14:24.311"></status>
</kw>
<kw name="${i} = ['2020-05-13-T13:01']" type="foritem">
<kw name="Set Variable" library="BuiltIn">
<doc>Returns the given values which can then be assigned to a variables.</doc>
<arguments>
<arg>${i[0]}</arg>
</arguments>
<assign>
<var>${string_value}</var>
</assign>
<msg timestamp="20200513 16:14:24.314" level="INFO">${string_value} = 2020-05-13-T13:01</msg>
<status status="PASS" starttime="20200513 16:14:24.312" endtime="20200513 16:14:24.314"></status>
</kw>
<kw name="Should Match Regexp" library="BuiltIn">
<doc>Fails if ``string`` does not match ``pattern`` as a regular expression.</doc>
<arguments>
<arg>${string_value}</arg>
<arg>:[0-5][0-9]</arg>
</arguments>
<assign>
<var>${minute}</var>
</assign>
<msg timestamp="20200513 16:14:24.316" level="INFO">${minute} = :01</msg>
<status status="PASS" starttime="20200513 16:14:24.315" endtime="20200513 16:14:24.317"></status>
</kw>
<kw name="Remove String" library="String">
<doc>Removes all ``removables`` from the given ``string``.</doc>
<arguments>
<arg>${minute}</arg>
<arg>:</arg>
</arguments>
<assign>
<var>${rmv_minutes}</var>
</assign>
<msg timestamp="20200513 16:14:24.319" level="INFO">${rmv_minutes} = 01</msg>
<status status="PASS" starttime="20200513 16:14:24.318" endtime="20200513 16:14:24.320"></status>
</kw>
<kw name="Convert To Integer" library="BuiltIn">
<doc>Converts the given item to an integer number.</doc>
<arguments>
<arg>${rmv_minutes}</arg>
</arguments>
<assign>
<var>${rmv_min_in_int}</var>
</assign>
<msg timestamp="20200513 16:14:24.323" level="INFO">${rmv_min_in_int} = 1</msg>
<status status="PASS" starttime="20200513 16:14:24.321" endtime="20200513 16:14:24.324"></status>
</kw>
<kw name="Run Keyword If" library="BuiltIn">
<doc>Runs the given keyword with the given arguments, if ``condition`` is true.</doc>
<arguments>
<arg>${rmv_min_in_int}&gt;=${minutes_in_int}</arg>
<arg>Evaluate</arg>
<arg>${count} + 1</arg>
<arg>ELSE</arg>
<arg>Set Variable</arg>
<arg>${count}</arg>
</arguments>
<assign>
<var>${count}</var>
</assign>
<kw name="Set Variable" library="BuiltIn">
<doc>Returns the given values which can then be assigned to a variables.</doc>
<arguments>
<arg>${count}</arg>
</arguments>
<status status="PASS" starttime="20200513 16:14:24.327" endtime="20200513 16:14:24.328"></status>
</kw>
<msg timestamp="20200513 16:14:24.329" level="INFO">${count} = 0</msg>
<status status="PASS" starttime="20200513 16:14:24.325" endtime="20200513 16:14:24.330"></status>
</kw>
<status status="PASS" starttime="20200513 16:14:24.311" endtime="20200513 16:14:24.331"></status>
</kw>
<kw name="${i} = ['2020-05-13-T13:45']" type="foritem">
<kw name="Set Variable" library="BuiltIn">
<doc>Returns the given values which can then be assigned to a variables.</doc>
<arguments>
<arg>${i[0]}</arg>
</arguments>
<assign>
<var>${string_value}</var>
</assign>
<msg timestamp="20200513 16:14:24.335" level="INFO">${string_value} = 2020-05-13-T13:45</msg>
<status status="PASS" starttime="20200513 16:14:24.333" endtime="20200513 16:14:24.335"></status>
</kw>
<kw name="Should Match Regexp" library="BuiltIn">
<doc>Fails if ``string`` does not match ``pattern`` as a regular expression.</doc>
<arguments>
<arg>${string_value}</arg>
<arg>:[0-5][0-9]</arg>
</arguments>
<assign>
<var>${minute}</var>
</assign>
<msg timestamp="20200513 16:14:24.336" level="INFO">${minute} = :45</msg>
<status status="PASS" starttime="20200513 16:14:24.335" endtime="20200513 16:14:24.336"></status>
</kw>
<kw name="Remove String" library="String">
<doc>Removes all ``removables`` from the given ``string``.</doc>
<arguments>
<arg>${minute}</arg>
<arg>:</arg>
</arguments>
<assign>
<var>${rmv_minutes}</var>
</assign>
<msg timestamp="20200513 16:14:24.338" level="INFO">${rmv_minutes} = 45</msg>
<status status="PASS" starttime="20200513 16:14:24.337" endtime="20200513 16:14:24.339"></status>
</kw>
<kw name="Convert To Integer" library="BuiltIn">
<doc>Converts the given item to an integer number.</doc>
<arguments>
<arg>${rmv_minutes}</arg>
</arguments>
<assign>
<var>${rmv_min_in_int}</var>
</assign>
<msg timestamp="20200513 16:14:24.343" level="INFO">${rmv_min_in_int} = 45</msg>
<status status="PASS" starttime="20200513 16:14:24.342" endtime="20200513 16:14:24.344"></status>
</kw>
<kw name="Run Keyword If" library="BuiltIn">
<doc>Runs the given keyword with the given arguments, if ``condition`` is true.</doc>
<arguments>
<arg>${rmv_min_in_int}&gt;=${minutes_in_int}</arg>
<arg>Evaluate</arg>
<arg>${count} + 1</arg>
<arg>ELSE</arg>
<arg>Set Variable</arg>
<arg>${count}</arg>
</arguments>
<assign>
<var>${count}</var>
</assign>
<kw name="Evaluate" library="BuiltIn">
<doc>Evaluates the given expression in Python and returns the results.</doc>
<arguments>
<arg>${count} + 1</arg>
</arguments>
<status status="PASS" starttime="20200513 16:14:24.346" endtime="20200513 16:14:24.350"></status>
</kw>
<msg timestamp="20200513 16:14:24.352" level="INFO">${count} = 1</msg>
<status status="PASS" starttime="20200513 16:14:24.345" endtime="20200513 16:14:24.355"></status>
</kw>
<status status="PASS" starttime="20200513 16:14:24.333" endtime="20200513 16:14:24.356"></status>
</kw>
<kw name="${i} = ['2020-05-13-T13:45']" type="foritem">
<kw name="Set Variable" library="BuiltIn">
<doc>Returns the given values which can then be assigned to a variables.</doc>
<arguments>
<arg>${i[0]}</arg>
</arguments>
<assign>
<var>${string_value}</var>
</assign>
<msg timestamp="20200513 16:14:24.359" level="INFO">${string_value} = 2020-05-13-T13:45</msg>
<status status="PASS" starttime="20200513 16:14:24.358" endtime="20200513 16:14:24.360"></status>
</kw>
<kw name="Should Match Regexp" library="BuiltIn">
<doc>Fails if ``string`` does not match ``pattern`` as a regular expression.</doc>
<arguments>
<arg>${string_value}</arg>
<arg>:[0-5][0-9]</arg>
</arguments>
<assign>
<var>${minute}</var>
</assign>
<msg timestamp="20200513 16:14:24.363" level="INFO">${minute} = :45</msg>
<status status="PASS" starttime="20200513 16:14:24.361" endtime="20200513 16:14:24.363"></status>
</kw>
<kw name="Remove String" library="String">
<doc>Removes all ``removables`` from the given ``string``.</doc>
<arguments>
<arg>${minute}</arg>
<arg>:</arg>
</arguments>
<assign>
<var>${rmv_minutes}</var>
</assign>
<msg timestamp="20200513 16:14:24.365" level="INFO">${rmv_minutes} = 45</msg>
<status status="PASS" starttime="20200513 16:14:24.364" endtime="20200513 16:14:24.366"></status>
</kw>
<kw name="Convert To Integer" library="BuiltIn">
<doc>Converts the given item to an integer number.</doc>
<arguments>
<arg>${rmv_minutes}</arg>
</arguments>
<assign>
<var>${rmv_min_in_int}</var>
</assign>
<msg timestamp="20200513 16:14:24.367" level="INFO">${rmv_min_in_int} = 45</msg>
<status status="PASS" starttime="20200513 16:14:24.366" endtime="20200513 16:14:24.368"></status>
</kw>
<kw name="Run Keyword If" library="BuiltIn">
<doc>Runs the given keyword with the given arguments, if ``condition`` is true.</doc>
<arguments>
<arg>${rmv_min_in_int}&gt;=${minutes_in_int}</arg>
<arg>Evaluate</arg>
<arg>${count} + 1</arg>
<arg>ELSE</arg>
<arg>Set Variable</arg>
<arg>${count}</arg>
</arguments>
<assign>
<var>${count}</var>
</assign>
<kw name="Evaluate" library="BuiltIn">
<doc>Evaluates the given expression in Python and returns the results.</doc>
<arguments>
<arg>${count} + 1</arg>
</arguments>
<status status="PASS" starttime="20200513 16:14:24.370" endtime="20200513 16:14:24.371"></status>
</kw>
<msg timestamp="20200513 16:14:24.371" level="INFO">${count} = 2</msg>
<status status="PASS" starttime="20200513 16:14:24.369" endtime="20200513 16:14:24.372"></status>
</kw>
<status status="PASS" starttime="20200513 16:14:24.357" endtime="20200513 16:14:24.373"></status>
</kw>
<kw name="${i} = ['2020-05-13-T13:45']" type="foritem">
<kw name="Set Variable" library="BuiltIn">
<doc>Returns the given values which can then be assigned to a variables.</doc>
<arguments>
<arg>${i[0]}</arg>
</arguments>
<assign>
<var>${string_value}</var>
</assign>
<msg timestamp="20200513 16:14:24.375" level="INFO">${string_value} = 2020-05-13-T13:45</msg>
<status status="PASS" starttime="20200513 16:14:24.374" endtime="20200513 16:14:24.375"></status>
</kw>
<kw name="Should Match Regexp" library="BuiltIn">
<doc>Fails if ``string`` does not match ``pattern`` as a regular expression.</doc>
<arguments>
<arg>${string_value}</arg>
<arg>:[0-5][0-9]</arg>
</arguments>
<assign>
[...]
<arg>${result}</arg>
</arguments>
<status status="PASS" starttime="20200513 16:14:30.348" endtime="20200513 16:14:30.349"></status>
</kw>
<status status="PASS" starttime="20200513 16:14:30.344" endtime="20200513 16:14:30.349"></status>
</kw>
<kw name="${i} = " type="foritem">
<kw name="Get Regexp Matches" library="String">
<doc>Returns a list of all non-overlapping matches in the given string.</doc>
<arguments>
<arg>${i}</arg>
<arg>(0[0-9]|[1-2][0-9]|[0-3]).(0[0-9]|1[0-2]).([0-9]{4})</arg>
</arguments>
<assign>
<var>${result}</var>
</assign>
<msg timestamp="20200513 16:14:30.351" level="INFO">${result} = []</msg>
<status status="PASS" starttime="20200513 16:14:30.351" endtime="20200513 16:14:30.351"></status>
</kw>
<kw name="Get Length" library="BuiltIn">
<doc>Returns and logs the length of the given item as an integer.</doc>
<arguments>
<arg>${result}</arg>
</arguments>
<assign>
<var>${count_length}</var>
</assign>
<msg timestamp="20200513 16:14:30.352" level="INFO">Length is 0</msg>
<msg timestamp="20200513 16:14:30.353" level="INFO">${count_length} = 0</msg>
<status status="PASS" starttime="20200513 16:14:30.352" endtime="20200513 16:14:30.353"></status>
</kw>
<kw name="Run Keyword If" library="BuiltIn">
<doc>Runs the given keyword with the given arguments, if ``condition`` is true.</doc>
<arguments>
<arg>${count_length}&gt;0</arg>
<arg>Append To List</arg>
<arg>${db_date_list}</arg>
<arg>${result}</arg>
</arguments>
<status status="PASS" starttime="20200513 16:14:30.354" endtime="20200513 16:14:30.355"></status>
</kw>
<status status="PASS" starttime="20200513 16:14:30.350" endtime="20200513 16:14:30.355"></status>
</kw>
<kw name="${i} = SQL&gt; " type="foritem">
<kw name="Get Regexp Matches" library="String">
<doc>Returns a list of all non-overlapping matches in the given string.</doc>
<arguments>
<arg>${i}</arg>
<arg>(0[0-9]|[1-2][0-9]|[0-3]).(0[0-9]|1[0-2]).([0-9]{4})</arg>
</arguments>
<assign>
<var>${result}</var>
</assign>
<msg timestamp="20200513 16:14:30.357" level="INFO">${result} = []</msg>
<status status="PASS" starttime="20200513 16:14:30.356" endtime="20200513 16:14:30.357"></status>
</kw>
<kw name="Get Length" library="BuiltIn">
<doc>Returns and logs the length of the given item as an integer.</doc>
<arguments>
<arg>${result}</arg>
</arguments>
<assign>
<var>${count_length}</var>
</assign>
<msg timestamp="20200513 16:14:30.359" level="INFO">Length is 0</msg>
<msg timestamp="20200513 16:14:30.359" level="INFO">${count_length} = 0</msg>
<status status="PASS" starttime="20200513 16:14:30.358" endtime="20200513 16:14:30.360"></status>
</kw>
<kw name="Run Keyword If" library="BuiltIn">
<doc>Runs the given keyword with the given arguments, if ``condition`` is true.</doc>
<arguments>
<arg>${count_length}&gt;0</arg>
<arg>Append To List</arg>
<arg>${db_date_list}</arg>
<arg>${result}</arg>
</arguments>
<status status="PASS" starttime="20200513 16:14:30.361" endtime="20200513 16:14:30.363"></status>
</kw>
<status status="PASS" starttime="20200513 16:14:30.356" endtime="20200513 16:14:30.364"></status>
</kw>
<kw name="${i} = CANCEL_TIM" type="foritem">
<kw name="Get Regexp Matches" library="String">
<doc>Returns a list of all non-overlapping matches in the given string.</doc>
<arguments>
<arg>${i}</arg>
<arg>(0[0-9]|[1-2][0-9]|[0-3]).(0[0-9]|1[0-2]).([0-9]{4})</arg>
</arguments>
<assign>
<var>${result}</var>
</assign>
<msg timestamp="20200513 16:14:30.367" level="INFO">${result} = []</msg>
<status status="PASS" starttime="20200513 16:14:30.365" endtime="20200513 16:14:30.367"></status>
</kw>
<kw name="Get Length" library="BuiltIn">
<doc>Returns and logs the length of the given item as an integer.</doc>
<arguments>
<arg>${result}</arg>
</arguments>
<assign>
<var>${count_length}</var>
</assign>
<msg timestamp="20200513 16:14:30.370" level="INFO">Length is 0</msg>
<msg timestamp="20200513 16:14:30.370" level="INFO">${count_length} = 0</msg>
<status status="PASS" starttime="20200513 16:14:30.368" endtime="20200513 16:14:30.371"></status>
</kw>
<kw name="Run Keyword If" library="BuiltIn">
<doc>Runs the given keyword with the given arguments, if ``condition`` is true.</doc>
<arguments>
<arg>${count_length}&gt;0</arg>
<arg>Append To List</arg>
<arg>${db_date_list}</arg>
<arg>${result}</arg>
</arguments>
<status status="PASS" starttime="20200513 16:14:30.371" endtime="20200513 16:14:30.372"></status>
</kw>
<status status="PASS" starttime="20200513 16:14:30.364" endtime="20200513 16:14:30.373"></status>
</kw>
<kw name="${i} = ----------" type="foritem">
<kw name="Get Regexp Matches" library="String">
<doc>Returns a list of all non-overlapping matches in the given string.</doc>
<arguments>
<arg>${i}</arg>
<arg>(0[0-9]|[1-2][0-9]|[0-3]).(0[0-9]|1[0-2]).([0-9]{4})</arg>
</arguments>
<assign>
<var>${result}</var>
</assign>
<msg timestamp="20200513 16:14:30.374" level="INFO">${result} = []</msg>
<status status="PASS" starttime="20200513 16:14:30.373" endtime="20200513 16:14:30.374"></status>
</kw>
<kw name="Get Length" library="BuiltIn">
<doc>Returns and logs the length of the given item as an integer.</doc>
<arguments>
<arg>${result}</arg>
</arguments>
<assign>
<var>${count_length}</var>
</assign>
<msg timestamp="20200513 16:14:30.375" level="INFO">Length is 0</msg>
<msg timestamp="20200513 16:14:30.375" level="INFO">${count_length} = 0</msg>
<status status="PASS" starttime="20200513 16:14:30.375" endtime="20200513 16:14:30.376"></status>
</kw>
<kw name="Run Keyword If" library="BuiltIn">
<doc>Runs the given keyword with the given arguments, if ``condition`` is true.</doc>
<arguments>
<arg>${count_length}&gt;0</arg>
<arg>Append To List</arg>
<arg>${db_date_list}</arg>
<arg>${result}</arg>
</arguments>
<status status="PASS" starttime="20200513 16:14:30.376" endtime="20200513 16:14:30.377"></status>
</kw>
<status status="PASS" starttime="20200513 16:14:30.373" endtime="20200513 16:14:30.378"></status>
</kw>
<kw name="${i} = 29.04.2020" type="foritem">
<kw name="Get Regexp Matches" library="String">
<doc>Returns a list of all non-overlapping matches in the given string.</doc>
<arguments>
<arg>${i}</arg>
<arg>(0[0-9]|[1-2][0-9]|[0-3]).(0[0-9]|1[0-2]).([0-9]{4})</arg>
</arguments>
<assign>
<var>${result}</var>
</assign>
<msg timestamp="20200513 16:14:30.380" level="INFO">${result} = ['29.04.2020']</msg>
<status status="PASS" starttime="20200513 16:14:30.378" endtime="20200513 16:14:30.380"></status>
</kw>
<kw name="Get Length" library="BuiltIn">
<doc>Returns and logs the length of the given item as an integer.</doc>
<arguments>
<arg>${result}</arg>
</arguments>
<assign>
<var>${count_length}</var>
</assign>
<msg timestamp="20200513 16:14:30.381" level="INFO">Length is 1</msg>
<msg timestamp="20200513 16:14:30.382" level="INFO">${count_length} = 1</msg>
<status status="PASS" starttime="20200513 16:14:30.381" endtime="20200513 16:14:30.382"></status>
</kw>
<kw name="Run Keyword If" library="BuiltIn">
<doc>Runs the given keyword with the given arguments, if ``condition`` is true.</doc>
<arguments>
<arg>${count_length}&gt;0</arg>
<arg>Append To List</arg>
<arg>${db_date_list}</arg>
<arg>${result}</arg>
</arguments>
<kw name="Append To List" library="Collections">
<doc>Adds ``values`` to the end of ``list``.</doc>
<arguments>
<arg>${db_date_list}</arg>
<arg>${result}</arg>
</arguments>
<status status="PASS" starttime="20200513 16:14:30.383" endtime="20200513 16:14:30.384"></status>
</kw>
<status status="PASS" starttime="20200513 16:14:30.382" endtime="20200513 16:14:30.384"></status>
</kw>
<status status="PASS" starttime="20200513 16:14:30.378" endtime="20200513 16:14:30.385"></status>
</kw>
<kw name="${i} = 01.05.2020" type="foritem">
<kw name="Get Regexp Matches" library="String">
<doc>Returns a list of all non-overlapping matches in the given string.</doc>
<arguments>
<arg>${i}</arg>
<arg>(0[0-9]|[1-2][0-9]|[0-3]).(0[0-9]|1[0-2]).([0-9]{4})</arg>
</arguments>
<assign>
<var>${result}</var>
</assign>
<msg timestamp="20200513 16:14:30.386" level="INFO">${result} = ['01.05.2020']</msg>
<status status="PASS" starttime="20200513 16:14:30.385" endtime="20200513 16:14:30.386"></status>
</kw>
<kw name="Get Length" library="BuiltIn">
<doc>Returns and logs the length of the given item as an integer.</doc>
<arguments>
<arg>${result}</arg>
</arguments>
<assign>
<var>${count_length}</var>
</assign>
<msg timestamp="20200513 16:14:30.387" level="INFO">Length is 1</msg>
<msg timestamp="20200513 16:14:30.388" level="INFO">${count_length} = 1</msg>
<status status="PASS" starttime="20200513 16:14:30.387" endtime="20200513 16:14:30.388"></status>
</kw>
<kw name="Run Keyword If" library="BuiltIn">
<doc>Runs the given keyword with the given arguments, if ``condition`` is true.</doc>
<arguments>
<arg>${count_length}&gt;0</arg>
<arg>Append To List</arg>
<arg>${db_date_list}</arg>
<arg>${result}</arg>
</arguments>
<kw name="Append To List" library="Collections">
<doc>Adds ``values`` to the end of ``list``.</doc>
<arguments>
<arg>${db_date_list}</arg>
<arg>${result}</arg>
</arguments>
<status status="PASS" starttime="20200513 16:14:30.391" endtime="20200513 16:14:30.393"></status>
</kw>
<status status="PASS" starttime="20200513 16:14:30.390" endtime="20200513 16:14:30.393"></status>
</kw>
<status status="PASS" starttime="20200513 16:14:30.385" endtime="20200513 16:14:30.394"></status>
</kw>
<kw name="${i} = 13.05.2020" type="foritem">
<kw name="Get Regexp Matches" library="String">
<doc>Returns a list of all non-overlapping matches in the given string.</doc>
<arguments>
<arg>${i}</arg>
<arg>(0[0-9]|[1-2][0-9]|[0-3]).(0[0-9]|1[0-2]).([0-9]{4})</arg>
</arguments>
<assign>
<var>${result}</var>
</assign>
<msg timestamp="20200513 16:14:30.397" level="INFO">${result} = ['13.05.2020']</msg>
<status status="PASS" starttime="20200513 16:14:30.395" endtime="20200513 16:14:30.397"></status>
</kw>
<kw name="Get Length" library="BuiltIn">
<doc>Returns and logs the length of the given item as an integer.</doc>
<arguments>
<arg>${result}</arg>
</arguments>
<assign>
<var>${count_length}</var>
</assign>
<msg timestamp="20200513 16:14:30.399" level="INFO">Length is 1</msg>
<msg timestamp="20200513 16:14:30.399" level="INFO">${count_length} = 1</msg>
<status status="PASS" starttime="20200513 16:14:30.398" endtime="20200513 16:14:30.399"></status>
</kw>
<kw name="Run Keyword If" library="BuiltIn">
<doc>Runs the given keyword with the given arguments, if ``condition`` is true.</doc>
<arguments>
<arg>${count_length}&gt;0</arg>
<arg>Append To List</arg>
<arg>${db_date_list}</arg>
<arg>${result}</arg>
</arguments>
<kw name="Append To List" library="Collections">
<doc>Adds ``values`` to the end of ``list``.</doc>
<arguments>
<arg>${db_date_list}</arg>
<arg>${result}</arg>
</arguments>
<status status="PASS" starttime="20200513 16:14:30.401" endtime="20200513 16:14:30.402"></status>
</kw>
<status status="PASS" starttime="20200513 16:14:30.400" endtime="20200513 16:14:30.403"></status>
</kw>
<status status="PASS" starttime="20200513 16:14:30.395" endtime="20200513 16:14:30.404"></status>
</kw>
<status status="PASS" starttime="20200513 16:14:30.272" endtime="20200513 16:14:30.404"></status>
</kw>
<kw name="${j} IN [ @{db_date_list} ]" type="for">
<kw name="${j} = ['29.04.2020']" type="foritem">
<kw name="Set Variable" library="BuiltIn">
<doc>Returns the given values which can then be assigned to a variables.</doc>
<arguments>
<arg>${j[0]}</arg>
</arguments>
<assign>
<var>${req_date_output}</var>
</assign>
<msg timestamp="20200513 16:14:30.411" level="INFO">${req_date_output} = 29.04.2020</msg>
<status status="PASS" starttime="20200513 16:14:30.408" endtime="20200513 16:14:30.411"></status>
</kw>
<kw name="Run Keyword And Return Status" library="BuiltIn">
<doc>Runs the given keyword with given arguments and returns the status as a Boolean value.</doc>
<arguments>
<arg>Should Be Equal</arg>
<arg>${db_date_format}</arg>
<arg>${req_date_output}</arg>
</arguments>
<assign>
<var>${status_bulean}</var>
</assign>
<kw name="Should Be Equal" library="BuiltIn">
<doc>Fails if the given objects are unequal.</doc>
<arguments>
<arg>${db_date_format}</arg>
<arg>${req_date_output}</arg>
</arguments>
<msg timestamp="20200513 16:14:30.415" level="FAIL">13.05.2020 != 29.04.2020</msg>
<status status="FAIL" starttime="20200513 16:14:30.413" endtime="20200513 16:14:30.415"></status>
</kw>
<msg timestamp="20200513 16:14:30.416" level="INFO">${status_bulean} = False</msg>
<status status="PASS" starttime="20200513 16:14:30.412" endtime="20200513 16:14:30.416"></status>
</kw>
<kw name="Run Keyword If" library="BuiltIn">
<doc>Runs the given keyword with the given arguments, if ``condition`` is true.</doc>
<arguments>
<arg>${status_bulean}</arg>
<arg>Set Variable</arg>
<arg>${status_bulean}</arg>
</arguments>
<assign>
<var>${db_result}</var>
</assign>
<msg timestamp="20200513 16:14:30.418" level="INFO">${db_result} = None</msg>
<status status="PASS" starttime="20200513 16:14:30.417" endtime="20200513 16:14:30.419"></status>
</kw>
<status status="PASS" starttime="20200513 16:14:30.406" endtime="20200513 16:14:30.419"></status>
</kw>
<kw name="${j} = ['01.05.2020']" type="foritem">
<kw name="Set Variable" library="BuiltIn">
<doc>Returns the given values which can then be assigned to a variables.</doc>
<arguments>
<arg>${j[0]}</arg>
</arguments>
<assign>
<var>${req_date_output}</var>
</assign>
<msg timestamp="20200513 16:14:30.429" level="INFO">${req_date_output} = 01.05.2020</msg>
<status status="PASS" starttime="20200513 16:14:30.427" endtime="20200513 16:14:30.430"></status>
</kw>
<kw name="Run Keyword And Return Status" library="BuiltIn">
<doc>Runs the given keyword with given arguments and returns the status as a Boolean value.</doc>
<arguments>
<arg>Should Be Equal</arg>
<arg>${db_date_format}</arg>
<arg>${req_date_output}</arg>
</arguments>
<assign>
<var>${status_bulean}</var>
</assign>
<kw name="Should Be Equal" library="BuiltIn">
<doc>Fails if the given objects are unequal.</doc>
<arguments>
<arg>${db_date_format}</arg>
<arg>${req_date_output}</arg>
</arguments>
<msg timestamp="20200513 16:14:30.438" level="FAIL">13.05.2020 != 01.05.2020</msg>
<status status="FAIL" starttime="20200513 16:14:30.437" endtime="20200513 16:14:30.441"></status>
</kw>
<msg timestamp="20200513 16:14:30.441" level="INFO">${status_bulean} = False</msg>
<status status="PASS" starttime="20200513 16:14:30.432" endtime="20200513 16:14:30.441"></status>
</kw>
<kw name="Run Keyword If" library="BuiltIn">
<doc>Runs the given keyword with the given arguments, if ``condition`` is true.</doc>
<arguments>
<arg>${status_bulean}</arg>
<arg>Set Variable</arg>
<arg>${status_bulean}</arg>
</arguments>
<assign>
<var>${db_result}</var>
</assign>
<msg timestamp="20200513 16:14:30.444" level="INFO">${db_result} = None</msg>
<status status="PASS" starttime="20200513 16:14:30.442" endtime="20200513 16:14:30.444"></status>
</kw>
<status status="PASS" starttime="20200513 16:14:30.426" endtime="20200513 16:14:30.445"></status>
</kw>
<kw name="${j} = ['13.05.2020']" type="foritem">
<kw name="Set Variable" library="BuiltIn">
<doc>Returns the given values which can then be assigned to a variables.</doc>
<arguments>
<arg>${j[0]}</arg>
</arguments>
<assign>
<var>${req_date_output}</var>
</assign>
<msg timestamp="20200513 16:14:30.448" level="INFO">${req_date_output} = 13.05.2020</msg>
<status status="PASS" starttime="20200513 16:14:30.446" endtime="20200513 16:14:30.448"></status>
</kw>
<kw name="Run Keyword And Return Status" library="BuiltIn">
<doc>Runs the given keyword with given arguments and returns the status as a Boolean value.</doc>
<arguments>
<arg>Should Be Equal</arg>
<arg>${db_date_format}</arg>
<arg>${req_date_output}</arg>
</arguments>
<assign>
<var>${status_bulean}</var>
</assign>
<kw name="Should Be Equal" library="BuiltIn">
<doc>Fails if the given objects are unequal.</doc>
<arguments>
<arg>${db_date_format}</arg>
<arg>${req_date_output}</arg>
</arguments>
<status status="PASS" starttime="20200513 16:14:30.451" endtime="20200513 16:14:30.452"></status>
</kw>
<msg timestamp="20200513 16:14:30.453" level="INFO">${status_bulean} = True</msg>
<status status="PASS" starttime="20200513 16:14:30.448" endtime="20200513 16:14:30.453"></status>
</kw>
<kw name="Run Keyword If" library="BuiltIn">
<doc>Runs the given keyword with the given arguments, if ``condition`` is true.</doc>
<arguments>
<arg>${status_bulean}</arg>
<arg>Set Variable</arg>
<arg>${status_bulean}</arg>
</arguments>
<assign>
<var>${db_result}</var>
</assign>
<kw name="Set Variable" library="BuiltIn">
<doc>Returns the given values which can then be assigned to a variables.</doc>
<arguments>
<arg>${status_bulean}</arg>
</arguments>
<status status="PASS" starttime="20200513 16:14:30.456" endtime="20200513 16:14:30.457"></status>
</kw>
<msg timestamp="20200513 16:14:30.457" level="INFO">${db_result} = True</msg>
<status status="PASS" starttime="20200513 16:14:30.455" endtime="20200513 16:14:30.457"></status>
</kw>
<status status="PASS" starttime="20200513 16:14:30.445" endtime="20200513 16:14:30.458"></status>
</kw>
<status status="PASS" starttime="20200513 16:14:30.405" endtime="20200513 16:14:30.458"></status>
</kw>
<kw name="Run Keyword If" library="BuiltIn">
<doc>Runs the given keyword with the given arguments, if ``condition`` is true.</doc>
<arguments>
<arg>${db_result} and ${log_output}</arg>
<arg>log</arg>
<arg>both DB and log file validation is successful!</arg>
<arg>ELSE</arg>
<arg>fail</arg>
<arg>both DB and log file validation failed!</arg>
</arguments>
<kw name="Log" library="BuiltIn">
<doc>Logs the given message with the given level.</doc>
<arguments>
<arg>both DB and log file validation is successful!</arg>
</arguments>
<msg timestamp="20200513 16:14:30.460" level="INFO">both DB and log file validation is successful!</msg>
<status status="PASS" starttime="20200513 16:14:30.460" endtime="20200513 16:14:30.461"></status>
</kw>
<status status="PASS" starttime="20200513 16:14:30.459" endtime="20200513 16:14:30.461"></status>
</kw>
<status status="PASS" starttime="20200513 16:13:59.913" endtime="20200513 16:14:30.461" critical="yes"></status>
</test>
<kw name="Close All Connections" library="SSHLibrary" type="teardown">
<doc>Closes all open connections.</doc>
<status status="PASS" starttime="20200513 16:14:30.464" endtime="20200513 16:14:30.466"></status>
</kw>
<status status="PASS" starttime="20200513 16:13:50.712" endtime="20200513 16:14:30.466"></status>
</suite>
<status status="PASS" starttime="20200513 16:13:50.693" endtime="20200513 16:14:30.470"></status>
</suite>
<status status="PASS" starttime="20200513 16:13:50.637" endtime="20200513 16:14:30.476"></status>
</suite>
<statistics>
<total>
<stat pass="1" fail="0">Critical Tests</stat>
<stat pass="1" fail="0">All Tests</stat>
</total>
<tag>
</tag>
<suite>
<stat pass="1" fail="0" id="s1" name="MVIAutomationTestCases">MVIAutomationTestCases</stat>
<stat pass="1" fail="0" id="s1-s1" name="Nokia TestCase">MVIAutomationTestCases.Nokia TestCase</stat>
<stat pass="1" fail="0" id="s1-s1-s1" name="FMAlarmClear TC9">MVIAutomationTestCases.Nokia TestCase.FMAlarmClear TC9</stat>
</suite>
</statistics>
<errors>
<msg timestamp="20200513 16:13:50.415" level="WARN">Error in file 'C:\Users\marthand\git\MviAutomationTestCases\MVIAutomationTestCases\Nokia_TestCase\FMAlarmClear_TC9.robot': Escaping empty cells with '\' before line continuation marker '...' is deprecated. Remove escaping before Robot Framework 3.2.</msg>
</errors>
</robot>
