<?xml version="1.0" encoding="UTF-8"?>
<robot generator="Robot 3.1.2 (Python 3.6.6 on win32)" generated="20200514 12:31:58.781" rpa="false">
<suite id="s1" name="MVIAutomationTestCases" source="C:\Users\marthand\git\MviAutomationTestCases\MVIAutomationTestCases">
<suite id="s1-s1" name="Nokia TestCase" source="C:\Users\marthand\git\MviAutomationTestCases\MVIAutomationTestCases\Nokia_TestCase">
<suite id="s1-s1-s1" name="FMAlarmClear TC9" source="C:\Users\marthand\git\MviAutomationTestCases\MVIAutomationTestCases\Nokia_TestCase\FMAlarmClear_TC9.robot">
<kw name="Open SSH Connection And Login To Server" library="fmresources" type="setup">
<kw name="Open Connection" library="SSHLibrary">
<doc>Opens a new SSH connection to the given ``host`` and ``port``.</doc>
<arguments>
<arg>${HOST}</arg>
</arguments>
<status status="PASS" starttime="20200514 12:32:02.437" endtime="20200514 12:32:02.438"></status>
</kw>
<kw name="Login" library="SSHLibrary">
<doc>Logs into the SSH server with the given ``username`` and ``password``.</doc>
<arguments>
<arg>${USERNAME}</arg>
<arg>${PASSWORD}</arg>
</arguments>
<msg timestamp="20200514 12:32:02.441" level="INFO">Logging into '10.32.237.58:22' as 'naresh'.</msg>
<msg timestamp="20200514 12:32:14.441" level="FAIL">Authentication failed for user 'naresh'.</msg>
<status status="FAIL" starttime="20200514 12:32:02.440" endtime="20200514 12:32:14.442"></status>
</kw>
<status status="FAIL" starttime="20200514 12:32:02.435" endtime="20200514 12:32:14.444"></status>
</kw>
<test id="s1-s1-s1-t1" name="FMAlarmClear_TC8">
<doc>FMAlarmClear</doc>
<tags>
<tag>TC_8</tag>
</tags>
<status status="FAIL" starttime="20200514 12:32:14.444" endtime="20200514 12:32:14.445" critical="yes">Parent suite setup failed:
Authentication failed for user 'naresh'.</status>
</test>
<kw name="Close All Connections" library="SSHLibrary" type="teardown">
<doc>Closes all open connections.</doc>
<status status="PASS" starttime="20200514 12:32:14.446" endtime="20200514 12:32:14.447"></status>
</kw>
<status status="FAIL" starttime="20200514 12:31:58.919" endtime="20200514 12:32:14.447">Suite setup failed:
Authentication failed for user 'naresh'.</status>
</suite>
<status status="FAIL" starttime="20200514 12:31:58.913" endtime="20200514 12:32:14.449"></status>
</suite>
<status status="FAIL" starttime="20200514 12:31:58.866" endtime="20200514 12:32:14.450"></status>
</suite>
<statistics>
<total>
<stat pass="0" fail="1">Critical Tests</stat>
<stat pass="0" fail="1">All Tests</stat>
</total>
<tag>
<stat pass="0" fail="1">TC_8</stat>
</tag>
<suite>
<stat pass="0" fail="1" id="s1" name="MVIAutomationTestCases">MVIAutomationTestCases</stat>
<stat pass="0" fail="1" id="s1-s1" name="Nokia TestCase">MVIAutomationTestCases.Nokia TestCase</stat>
<stat pass="0" fail="1" id="s1-s1-s1" name="FMAlarmClear TC9">MVIAutomationTestCases.Nokia TestCase.FMAlarmClear TC9</stat>
</suite>
</statistics>
<errors>
<msg timestamp="20200514 12:31:58.765" level="WARN">Error in file 'C:\Users\marthand\git\MviAutomationTestCases\MVIAutomationTestCases\Nokia_TestCase\FMAlarmClear_TC9.robot': Escaping empty cells with '\' before line continuation marker '...' is deprecated. Remove escaping before Robot Framework 3.2.</msg>
<msg timestamp="20200514 12:31:59.485" level="WARN">Collapsing consecutive whitespace during parsing is deprecated. Fix ' Custom Date Format' in file 'C:\Users\marthand\git\MviAutomationTestCases\MVIAutomationTestCases\Resource\fmresources.robot' on line 56.</msg>
<msg timestamp="20200514 12:31:59.486" level="WARN">Collapsing consecutive whitespace during parsing is deprecated. Fix ' Db Date Format' in file 'C:\Users\marthand\git\MviAutomationTestCases\MVIAutomationTestCases\Resource\fmresources.robot' on line 62.</msg>
<msg timestamp="20200514 12:31:59.488" level="WARN">Collapsing consecutive whitespace during parsing is deprecated. Fix ' Date in Minutes' in file 'C:\Users\marthand\git\MviAutomationTestCases\MVIAutomationTestCases\Resource\fmresources.robot' on line 67.</msg>
<msg timestamp="20200514 12:31:59.489" level="WARN">Collapsing consecutive whitespace during parsing is deprecated. Fix ' Change Root User' in file 'C:\Users\marthand\git\MviAutomationTestCases\MVIAutomationTestCases\Resource\fmresources.robot' on line 73.</msg>
<msg timestamp="20200514 12:31:59.489" level="WARN">Collapsing consecutive whitespace during parsing is deprecated. Fix ' Similator Path' in file 'C:\Users\marthand\git\MviAutomationTestCases\MVIAutomationTestCases\Resource\fmresources.robot' on line 76.</msg>
<msg timestamp="20200514 12:31:59.492" level="WARN">Collapsing consecutive whitespace during parsing is deprecated. Fix ' Alarm Log Command' in file 'C:\Users\marthand\git\MviAutomationTestCases\MVIAutomationTestCases\Resource\fmresources.robot' on line 102.</msg>
<msg timestamp="20200514 12:31:59.492" level="WARN">Collapsing consecutive whitespace during parsing is deprecated. Fix ' Alarm Log Command Processed Output Count' in file 'C:\Users\marthand\git\MviAutomationTestCases\MVIAutomationTestCases\Resource\fmresources.robot' on line 108.</msg>
<msg timestamp="20200514 12:31:59.494" level="WARN">Error in file 'C:\Users\marthand\git\MviAutomationTestCases\MVIAutomationTestCases\Resource\fmresources.robot': Escaping empty cells with '\' before line continuation marker '...' is deprecated. Remove escaping before Robot Framework 3.2.</msg>
<msg timestamp="20200514 12:31:59.495" level="WARN">Collapsing consecutive whitespace during parsing is deprecated. Fix ' Read Excel File and Pass Alarm Number to DB Query' in file 'C:\Users\marthand\git\MviAutomationTestCases\MVIAutomationTestCases\Resource\fmresources.robot' on line 131.</msg>
<msg timestamp="20200514 12:31:59.496" level="WARN">Collapsing consecutive whitespace during parsing is deprecated. Fix ' DB Date List And Requested Date Format' in file 'C:\Users\marthand\git\MviAutomationTestCases\MVIAutomationTestCases\Resource\fmresources.robot' on line 144.</msg>
</errors>
</robot>
